<?xml version="1.0" encoding="UTF-8"?>
<!-- Generated by org.testng.reporters.JUnitXMLReporter -->
<testsuite hostname="LIN51013508" ignored="3" name="Default test" tests="6" failures="0" timestamp="2023-02-04T23:19:10 IST" time="11.912" errors="0">
  <testcase name="validateViewProductList" time="1.021" classname="med.webtest.MedicareViewProductTest"/>
  <testcase name="validateViewProductList" time="0.788" classname="med.webtest.MedicareViewProductTest"/>
  <testcase name="validateViewProductList" time="0.511" classname="med.webtest.MedicareViewProductTest"/>
  <testcase name="validateViewProductList" time="0.353" classname="med.webtest.MedicareViewProductTest"/>
  <testcase name="validateViewProductList" time="0.353" classname="med.webtest.MedicareViewProductTest"/>
  <testcase name="validateViewProductList" time="0.351" classname="med.webtest.MedicareViewProductTest"/>
  <testcase name="validateViewProductSort" time="0.0" classname="med.webtest.MedicareViewProductTest">
    <ignored/>
  </testcase> <!-- validateViewProductSort -->
  <testcase name="validateViewProductCategory" time="0.0" classname="med.webtest.MedicareViewProductTest">
    <ignored/>
  </testcase> <!-- validateViewProductCategory -->
  <testcase name="validateViewProductSearch" time="0.0" classname="med.webtest.MedicareViewProductTest">
    <ignored/>
  </testcase> <!-- validateViewProductSearch -->
</testsuite> <!-- Default test -->
