<!DOCTYPE html PUBLIC "-//W3C//DTD XHTML 1.1//EN" "https://www.w3.org/TR/xhtml11/DTD/xhtml11.dtd">
<html xmlns="https://www.w3.org/1999/xhtml">
<head>
<meta http-equiv="content-type" content="text/html; charset=UTF-8"/>
<title>TestNG Report</title>
<style type="text/css">table {margin-bottom:10px;border-collapse:collapse;empty-cells:show}th,td {border:1px solid #009;padding:.25em .5em}th {vertical-align:bottom}td {vertical-align:top}table a {font-weight:bold}.stripe td {background-color: #E6EBF9}.num {text-align:right}.passedodd td {background-color: #3F3}.passedeven td {background-color: #0A0}.skippedodd td {background-color: #DDD}.skippedeven td {background-color: #CCC}.failedodd td,.attn {background-color: #F33}.failedeven td,.stripe .attn {background-color: #D00}.stacktrace {white-space:pre;font-family:monospace}.totop {font-size:85%;text-align:center;border-bottom:2px solid #000}.invisible {display:none}</style>
</head>
<body>
<table>
<tr><th>Test</th><th># Passed</th><th># Skipped</th><th># Retried</th><th># Failed</th><th>Time (ms)</th><th>Included Groups</th><th>Excluded Groups</th></tr>
<tr><th colspan="8">Surefire suite</th></tr>
<tr><td><a href="#t0">Surefire test</a></td><td class="num">36</td><td class="num">0</td><td class="num">0</td><td class="num attn">30</td><td class="num">574,389</td><td></td><td></td></tr>
</table>
<table id='summary'><thead><tr><th>Class</th><th>Method</th><th>Start</th><th>Time (ms)</th></tr></thead><tbody><tr><th colspan="4">Surefire suite</th></tr></tbody><tbody id="t0"><tr><th colspan="4">Surefire test &#8212; failed</th></tr><tr class="failedeven"><td rowspan="1">med.webtest.MedicareAdminTest</td><td><a href="#m0">validateEditProduct</a></td><td rowspan="1">1675578712794</td><td rowspan="1">11391</td></tr><tr class="failedodd"><td rowspan="5">med.webtest.MedicareHomeTest</td><td><a href="#m1">validateCategoryCount</a></td><td rowspan="1">1675578741161</td><td rowspan="1">34</td></tr><tr class="failedodd"><td><a href="#m2">validateMoreProductsMpCount</a></td><td rowspan="1">1675578741463</td><td rowspan="1">3529</td></tr><tr class="failedodd"><td><a href="#m3">validateMoreProductsMvCount</a></td><td rowspan="1">1675578745020</td><td rowspan="1">31145</td></tr><tr class="failedodd"><td><a href="#m4">validateMostPurchasedProductCount</a></td><td rowspan="1">1675578776197</td><td rowspan="1">10039</td></tr><tr class="failedodd"><td><a href="#m5">validateMostViewedProductCount</a></td><td rowspan="1">1675578786276</td><td rowspan="1">10031</td></tr><tr class="failedeven"><td rowspan="2">med.webtest.MedicareSignupTest</td><td><a href="#m6">validateExistingUserLogin</a></td><td rowspan="1">1675578840135</td><td rowspan="1">10026</td></tr><tr class="failedeven"><td><a href="#m7">validateSignupNewUser</a></td><td rowspan="1">1675578850186</td><td rowspan="1">10043</td></tr><tr class="failedodd"><td rowspan="1">med.webtest.MedicareUserCheckoutTest</td><td><a href="#m8">removeProductCart</a></td><td rowspan="1">1675578917453</td><td rowspan="1">41144</td></tr><tr class="failedeven"><td rowspan="2">med.webtest.MedicareUserTest</td><td><a href="#m9">validateProductDetail</a></td><td rowspan="2">1675579153049</td><td rowspan="2">3618</td></tr><tr class="failedeven"><td><a href="#m10">validateProductDetail</a></td></tr><tr class="failedodd"><td rowspan="19">med.webtest.MedicareViewProductTest</td><td><a href="#m11">validateViewProductCategory</a></td><td rowspan="3">1675579164773</td><td rowspan="3">1206</td></tr><tr class="failedodd"><td><a href="#m12">validateViewProductCategory</a></td></tr><tr class="failedodd"><td><a href="#m13">validateViewProductCategory</a></td></tr><tr class="failedodd"><td><a href="#m14">validateViewProductList</a></td><td rowspan="6">1675579171307</td><td rowspan="6">193</td></tr><tr class="failedodd"><td><a href="#m15">validateViewProductList</a></td></tr><tr class="failedodd"><td><a href="#m16">validateViewProductList</a></td></tr><tr class="failedodd"><td><a href="#m17">validateViewProductList</a></td></tr><tr class="failedodd"><td><a href="#m18">validateViewProductList</a></td></tr><tr class="failedodd"><td><a href="#m19">validateViewProductList</a></td></tr><tr class="failedodd"><td><a href="#m20">validateViewProductSearch</a></td><td rowspan="2">1675579171527</td><td rowspan="2">597</td></tr><tr class="failedodd"><td><a href="#m21">validateViewProductSearch</a></td></tr><tr class="failedodd"><td><a href="#m22">validateViewProductSort</a></td><td rowspan="8">1675579177038</td><td rowspan="8">2139</td></tr><tr class="failedodd"><td><a href="#m23">validateViewProductSort</a></td></tr><tr class="failedodd"><td><a href="#m24">validateViewProductSort</a></td></tr><tr class="failedodd"><td><a href="#m25">validateViewProductSort</a></td></tr><tr class="failedodd"><td><a href="#m26">validateViewProductSort</a></td></tr><tr class="failedodd"><td><a href="#m27">validateViewProductSort</a></td></tr><tr class="failedodd"><td><a href="#m28">validateViewProductSort</a></td></tr><tr class="failedodd"><td><a href="#m29">validateViewProductSort</a></td></tr><tr><th colspan="4">Surefire test &#8212; passed</th></tr><tr class="passedeven"><td rowspan="2">med.webtest.MedicareAboutTest</td><td><a href="#m30">validateContent</a></td><td rowspan="1">1675578642029</td><td rowspan="1">40</td></tr><tr class="passedeven"><td><a href="#m31">validateHeading</a></td><td rowspan="1">1675578642119</td><td rowspan="1">35</td></tr><tr class="passedodd"><td rowspan="1">med.webtest.MedicareAccessTest</td><td><a href="#m32">sampleDemo</a></td><td rowspan="1">1675578642407</td><td rowspan="1">0</td></tr><tr class="passedeven"><td rowspan="2">med.webtest.MedicareAdminTest</td><td><a href="#m33">validateAddCategory</a></td><td rowspan="1">1675578648380</td><td rowspan="1">6568</td></tr><tr class="passedeven"><td><a href="#m34">validateAddProduct</a></td><td rowspan="1">1675578661993</td><td rowspan="1">44233</td></tr><tr class="passedodd"><td rowspan="2">med.webtest.MedicareContactTest</td><td><a href="#m35">validateContent</a></td><td rowspan="1">1675578733941</td><td rowspan="1">39</td></tr><tr class="passedodd"><td><a href="#m36">validateHeading</a></td><td rowspan="1">1675578734010</td><td rowspan="1">30</td></tr><tr class="passedeven"><td rowspan="5">med.webtest.MedicareHomeTest</td><td><a href="#m37">validateCategoryList</a></td><td rowspan="5">1675578741310</td><td rowspan="5">36</td></tr><tr class="passedeven"><td><a href="#m38">validateCategoryList</a></td></tr><tr class="passedeven"><td><a href="#m39">validateCategoryList</a></td></tr><tr class="passedeven"><td><a href="#m40">validateCategoryList</a></td></tr><tr class="passedeven"><td><a href="#m41">validateCategoryList</a></td></tr><tr class="passedodd"><td rowspan="3">med.webtest.MedicareLoginTest</td><td><a href="#m42">validateUserLoginFail</a></td><td rowspan="1">1675578801191</td><td rowspan="1">5035</td></tr><tr class="passedodd"><td><a href="#m43">validateUserLoginSucess</a></td><td rowspan="2">1675578811152</td><td rowspan="2">2766</td></tr><tr class="passedodd"><td><a href="#m44">validateUserLoginSucess</a></td></tr><tr class="passedeven"><td rowspan="1">med.webtest.MedicareSignupTest</td><td><a href="#m45">validateExistingSupplierLogin</a></td><td rowspan="1">1675578825488</td><td rowspan="1">14645</td></tr><tr class="passedodd"><td rowspan="10">med.webtest.MedicareUserCheckoutTest</td><td><a href="#m46">addProductCart</a></td><td rowspan="3">1675578883917</td><td rowspan="3">9795</td></tr><tr class="passedodd"><td><a href="#m47">addProductCart</a></td></tr><tr class="passedodd"><td><a href="#m48">addProductCart</a></td></tr><tr class="passedodd"><td><a href="#m49">validateOrderPlacedInfo</a></td><td rowspan="1">1675579057155</td><td rowspan="1">18693</td></tr><tr class="passedodd"><td><a href="#m50">validateProductCart</a></td><td rowspan="3">1675578981993</td><td rowspan="3">2123</td></tr><tr class="passedodd"><td><a href="#m51">validateProductCart</a></td></tr><tr class="passedodd"><td><a href="#m52">validateProductCart</a></td></tr><tr class="passedodd"><td><a href="#m53">validateProductFinalConf</a></td><td rowspan="3">1675579013859</td><td rowspan="3">13919</td></tr><tr class="passedodd"><td><a href="#m54">validateProductFinalConf</a></td></tr><tr class="passedodd"><td><a href="#m55">validateProductFinalConf</a></td></tr><tr class="passedeven"><td rowspan="3">med.webtest.MedicareUserTest</td><td><a href="#m56">validateCartInformation</a></td><td rowspan="1">1675579081723</td><td rowspan="1">13244</td></tr><tr class="passedeven"><td><a href="#m57">validateCartNumbers</a></td><td rowspan="2">1675579100774</td><td rowspan="2">12546</td></tr><tr class="passedeven"><td><a href="#m58">validateCartNumbers</a></td></tr><tr class="passedodd"><td rowspan="7">med.webtest.MedicareViewProductTest</td><td><a href="#m59">validateViewProductCategory</a></td><td rowspan="3">1675579165980</td><td rowspan="3">1207</td></tr><tr class="passedodd"><td><a href="#m60">validateViewProductCategory</a></td></tr><tr class="passedodd"><td><a href="#m61">validateViewProductCategory</a></td></tr><tr class="passedodd"><td><a href="#m62">validateViewProductSearch</a></td><td rowspan="4">1675579172828</td><td rowspan="4">307</td></tr><tr class="passedodd"><td><a href="#m63">validateViewProductSearch</a></td></tr><tr class="passedodd"><td><a href="#m64">validateViewProductSearch</a></td></tr><tr class="passedodd"><td><a href="#m65">validateViewProductSearch</a></td></tr></tbody>
</table>
<h2>Surefire test</h2><h3 id="m0">med.webtest.MedicareAdminTest#validateEditProduct</h3><table class="result"><tr class="param"><th>Parameter #1</th></tr><tr class="param stripe"><td>{pageNumber=2, productBrand=Bvtest1, expUnitPrice=15.0, fileLocation=bvtestproductimage1.jpg, productName=bvtestproduct1, productCategory=Bvtestcategory1, dropdownSelectValue=5, expProductBrand=Bvtest1, expProductQty=1500, productQty=1000, rowNumber=2, expProductPrice=₹ 15, productPrice=₹ 10, expProductDesc=This is a test product which can cure most of the issues., expProductName=bvtestproduct1}</td></tr><tr><th>Exception</th></tr><tr><td><div class="stacktrace">org.openqa.selenium.ElementClickInterceptedException: element click intercepted: Element &lt;a href=&quot;/medicare/manage/7/product&quot; class=&quot;btn btn-warning&quot;&gt;...&lt;/a&gt; is not clickable at point (1147, 20). Other element would receive the click: &lt;a class=&quot;btn btn-default dropdown-toggle&quot; href=&quot;javascript:void(0)&quot; id=&quot;dropdownMenu1&quot; data-toggle=&quot;dropdown&quot; aria-haspopup=&quot;true&quot; aria-expanded=&quot;true&quot;&gt;...&lt;/a&gt;
  (Session info: chrome=109.0.5414.120)
Build info: version: &apos;3.141.59&apos;, revision: &apos;e82be7d358&apos;, time: &apos;2018-11-14T08:17:03&apos;
System info: host: &apos;LIN51013508&apos;, ip: &apos;192.168.29.56&apos;, os.name: &apos;Windows 10&apos;, os.arch: &apos;amd64&apos;, os.version: &apos;10.0&apos;, java.version: &apos;16.0.1&apos;
Driver info: org.openqa.selenium.chrome.ChromeDriver
Capabilities {acceptInsecureCerts: false, browserName: chrome, browserVersion: 109.0.5414.120, chrome: {chromedriverVersion: 109.0.5414.74 (e7c5703604da..., userDataDir: C:\Program Files (x86)\scop...}, goog:chromeOptions: {debuggerAddress: localhost:61331}, javascriptEnabled: true, networkConnectionEnabled: false, pageLoadStrategy: normal, platform: WINDOWS, platformName: WINDOWS, proxy: Proxy(), setWindowRect: true, strictFileInteractability: false, timeouts: {implicit: 0, pageLoad: 300000, script: 30000}, unhandledPromptBehavior: dismiss and notify, webauthn:extension:credBlob: true, webauthn:extension:largeBlob: true, webauthn:virtualAuthenticators: true}
Session ID: 14ea5677cca76f7c7459e2e15c4be222
	at org.openqa.selenium.remote.http.W3CHttpResponseCodec.createException(W3CHttpResponseCodec.java:187)
	at org.openqa.selenium.remote.http.W3CHttpResponseCodec.decode(W3CHttpResponseCodec.java:122)
	at org.openqa.selenium.remote.http.W3CHttpResponseCodec.decode(W3CHttpResponseCodec.java:49)
	at org.openqa.selenium.remote.HttpCommandExecutor.execute(HttpCommandExecutor.java:158)
	at org.openqa.selenium.remote.service.DriverCommandExecutor.execute(DriverCommandExecutor.java:83)
	at org.openqa.selenium.remote.RemoteWebDriver.execute(RemoteWebDriver.java:552)
	at org.openqa.selenium.remote.RemoteWebElement.execute(RemoteWebElement.java:285)
	at org.openqa.selenium.remote.RemoteWebElement.click(RemoteWebElement.java:84)
	at med.webpages.MedicareViewProductsPage.clickviewProductLast(MedicareViewProductsPage.java:88)
	at med.webpages.MedicareAdminPage.validateEditNewProduct(MedicareAdminPage.java:115)
	at med.webtest.MedicareAdminTest.validateEditProduct(MedicareAdminTest.java:60)
	at java.base/java.util.ArrayList.forEach(ArrayList.java:1511)
... Removed 37 stack frames</div></td></tr></table><p class="totop"><a href="#summary">back to summary</a></p>
<h3 id="m1">med.webtest.MedicareHomeTest#validateCategoryCount</h3><table class="result"><tr class="param"><th>Parameter #1</th></tr><tr class="param stripe"><td>22</td></tr><tr><th>Exception</th></tr><tr><td><div class="stacktrace">java.lang.AssertionError: expected [22] but found [24]
	at med.webpages.MedicareHomePage.validateCategoryCount(MedicareHomePage.java:69)
	at med.webtest.MedicareHomeTest.validateCategoryCount(MedicareHomeTest.java:56)
	at java.base/java.util.ArrayList.forEach(ArrayList.java:1511)
... Removed 38 stack frames</div></td></tr></table><p class="totop"><a href="#summary">back to summary</a></p>
<h3 id="m2">med.webtest.MedicareHomeTest#validateMoreProductsMpCount</h3><table class="result"><tr class="param"><th>Parameter #1</th><th>Parameter #2</th><th>Parameter #3</th></tr><tr class="param stripe"><td>show/all/products</td><td>Medicare - All Products</td><td>8 entries</td></tr><tr><th colspan="3">Exception</th></tr><tr><td colspan="3"><div class="stacktrace">java.lang.AssertionError: expected [true] but found [false]
	at med.webpages.MedicareViewProductsPage.validateProductTotalCount(MedicareViewProductsPage.java:55)
	at med.webpages.MedicareHomePage.validateMpMoreProductBtn(MedicareHomePage.java:103)
	at med.webtest.MedicareHomeTest.validateMoreProductsMpCount(MedicareHomeTest.java:86)
	at java.base/java.util.ArrayList.forEach(ArrayList.java:1511)
... Removed 36 stack frames</div></td></tr></table><p class="totop"><a href="#summary">back to summary</a></p>
<h3 id="m3">med.webtest.MedicareHomeTest#validateMoreProductsMvCount</h3><table class="result"><tr class="param"><th>Parameter #1</th><th>Parameter #2</th><th>Parameter #3</th></tr><tr class="param stripe"><td>show/all/products</td><td>Medicare - All Products</td><td>8 entries</td></tr><tr><th colspan="3">Exception</th></tr><tr><td colspan="3"><div class="stacktrace">org.openqa.selenium.TimeoutException: Expected condition failed: waiting for element to be clickable: By.xpath: //div[@ng-repeat=&apos;product in pCtrl.mvProducts&apos;]/parent::div/div/a[text()=&apos;More Products&apos;] (tried for 30 second(s) with 500 milliseconds interval)
	at org.openqa.selenium.support.ui.WebDriverWait.timeoutException(WebDriverWait.java:95)
	at org.openqa.selenium.support.ui.FluentWait.until(FluentWait.java:272)
	at med.webpages.TestPageBase.waitForElementToBeClickable(TestPageBase.java:61)
	at med.webpages.MedicareHomePage.validateMvMoreProductBtn(MedicareHomePage.java:87)
	at med.webtest.MedicareHomeTest.validateMoreProductsMvCount(MedicareHomeTest.java:78)
	at java.base/java.util.ArrayList.forEach(ArrayList.java:1511)
Caused by: org.openqa.selenium.NoSuchElementException: no such element: Unable to locate element: {&quot;method&quot;:&quot;xpath&quot;,&quot;selector&quot;:&quot;//div[@ng-repeat=&apos;product in pCtrl.mvProducts&apos;]/parent::div/div/a[text()=&apos;More Products&apos;]&quot;}
  (Session info: chrome=109.0.5414.120)
For documentation on this error, please visit: https://www.seleniumhq.org/exceptions/no_such_element.html
Build info: version: &apos;3.141.59&apos;, revision: &apos;e82be7d358&apos;, time: &apos;2018-11-14T08:17:03&apos;
System info: host: &apos;LIN51013508&apos;, ip: &apos;192.168.29.56&apos;, os.name: &apos;Windows 10&apos;, os.arch: &apos;amd64&apos;, os.version: &apos;10.0&apos;, java.version: &apos;16.0.1&apos;
Driver info: org.openqa.selenium.chrome.ChromeDriver
Capabilities {acceptInsecureCerts: false, browserName: chrome, browserVersion: 109.0.5414.120, chrome: {chromedriverVersion: 109.0.5414.74 (e7c5703604da..., userDataDir: C:\Program Files (x86)\scop...}, goog:chromeOptions: {debuggerAddress: localhost:61382}, javascriptEnabled: true, networkConnectionEnabled: false, pageLoadStrategy: normal, platform: WINDOWS, platformName: WINDOWS, proxy: Proxy(), setWindowRect: true, strictFileInteractability: false, timeouts: {implicit: 0, pageLoad: 300000, script: 30000}, unhandledPromptBehavior: dismiss and notify, webauthn:extension:credBlob: true, webauthn:extension:largeBlob: true, webauthn:virtualAuthenticators: true}
Session ID: 4570487c3164c01f976ce49b23a5bcac
*** Element info: {Using=xpath, value=//div[@ng-repeat=&apos;product in pCtrl.mvProducts&apos;]/parent::div/div/a[text()=&apos;More Products&apos;]}
	at org.openqa.selenium.remote.http.W3CHttpResponseCodec.createException(W3CHttpResponseCodec.java:187)
	at org.openqa.selenium.remote.http.W3CHttpResponseCodec.decode(W3CHttpResponseCodec.java:122)
	at org.openqa.selenium.remote.http.W3CHttpResponseCodec.decode(W3CHttpResponseCodec.java:49)
	at org.openqa.selenium.remote.HttpCommandExecutor.execute(HttpCommandExecutor.java:158)
	at org.openqa.selenium.remote.service.DriverCommandExecutor.execute(DriverCommandExecutor.java:83)
	at org.openqa.selenium.remote.RemoteWebDriver.execute(RemoteWebDriver.java:552)
	at org.openqa.selenium.remote.RemoteWebDriver.findElement(RemoteWebDriver.java:323)
	at org.openqa.selenium.remote.RemoteWebDriver.findElementByXPath(RemoteWebDriver.java:428)
	at org.openqa.selenium.By$ByXPath.findElement(By.java:353)
	at org.openqa.selenium.remote.RemoteWebDriver.findElement(RemoteWebDriver.java:315)
	at org.openqa.selenium.support.ui.ExpectedConditions$7.apply(ExpectedConditions.java:205)
	at org.openqa.selenium.support.ui.ExpectedConditions$7.apply(ExpectedConditions.java:201)
	at org.openqa.selenium.support.ui.ExpectedConditions$22.apply(ExpectedConditions.java:641)
	at org.openqa.selenium.support.ui.ExpectedConditions$22.apply(ExpectedConditions.java:638)
	at org.openqa.selenium.support.ui.FluentWait.until(FluentWait.java:249)
	... 36 more
... Removed 37 stack frames</div></td></tr></table><p class="totop"><a href="#summary">back to summary</a></p>
<h3 id="m4">med.webtest.MedicareHomeTest#validateMostPurchasedProductCount</h3><table class="result"><tr class="param"><th>Parameter #1</th></tr><tr class="param stripe"><td>5</td></tr><tr><th>Exception</th></tr><tr><td><div class="stacktrace">org.openqa.selenium.json.JsonException: java.lang.reflect.InvocationTargetException
Build info: version: &apos;3.141.59&apos;, revision: &apos;e82be7d358&apos;, time: &apos;2018-11-14T08:17:03&apos;
System info: host: &apos;LIN51013508&apos;, ip: &apos;192.168.29.56&apos;, os.name: &apos;Windows 10&apos;, os.arch: &apos;amd64&apos;, os.version: &apos;10.0&apos;, java.version: &apos;16.0.1&apos;
Driver info: driver.version: RemoteWebDriver
	at org.openqa.selenium.json.JsonOutput.convertUsingMethod(JsonOutput.java:332)
	at org.openqa.selenium.json.JsonOutput.lambda$new$16(JsonOutput.java:155)
	at org.openqa.selenium.json.JsonOutput.write(JsonOutput.java:264)
	at org.openqa.selenium.json.JsonOutput.lambda$null$21(JsonOutput.java:168)
	at java.base/java.util.LinkedHashMap$LinkedValues.forEach(LinkedHashMap.java:647)
	at org.openqa.selenium.json.JsonOutput.lambda$new$22(JsonOutput.java:168)
	at org.openqa.selenium.json.JsonOutput.write(JsonOutput.java:264)
	at org.openqa.selenium.json.JsonOutput.lambda$null$23(JsonOutput.java:177)
	at com.google.common.collect.SingletonImmutableBiMap.forEach(SingletonImmutableBiMap.java:65)
	at org.openqa.selenium.json.JsonOutput.lambda$new$24(JsonOutput.java:176)
	at org.openqa.selenium.json.JsonOutput.write(JsonOutput.java:264)
	at org.openqa.selenium.json.JsonOutput.write(JsonOutput.java:255)
	at org.openqa.selenium.json.Json.toJson(Json.java:42)
	at org.openqa.selenium.remote.http.AbstractHttpCommandCodec.encode(AbstractHttpCommandCodec.java:227)
	at org.openqa.selenium.remote.http.AbstractHttpCommandCodec.encode(AbstractHttpCommandCodec.java:117)
	at org.openqa.selenium.remote.HttpCommandExecutor.execute(HttpCommandExecutor.java:152)
	at org.openqa.selenium.remote.service.DriverCommandExecutor.execute(DriverCommandExecutor.java:83)
	at org.openqa.selenium.remote.RemoteWebDriver.execute(RemoteWebDriver.java:552)
	at org.openqa.selenium.remote.RemoteWebDriver.perform(RemoteWebDriver.java:618)
	at org.openqa.selenium.interactions.Actions$BuiltAction.perform(Actions.java:639)
	at org.openqa.selenium.interactions.Actions.perform(Actions.java:595)
	at med.webpages.TestPageBase.moveToElement(TestPageBase.java:137)
	at med.webpages.MedicareHomePage.validateMostPurchasedProduct(MedicareHomePage.java:80)
	at med.webtest.MedicareHomeTest.validateMostPurchasedProductCount(MedicareHomeTest.java:70)
	at java.base/java.util.ArrayList.forEach(ArrayList.java:1511)
	Suppressed: org.openqa.selenium.json.JsonException: Attempting to close incomplete json stream
Build info: version: &apos;3.141.59&apos;, revision: &apos;e82be7d358&apos;, time: &apos;2018-11-14T08:17:03&apos;
System info: host: &apos;LIN51013508&apos;, ip: &apos;192.168.29.56&apos;, os.name: &apos;Windows 10&apos;, os.arch: &apos;amd64&apos;, os.version: &apos;10.0&apos;, java.version: &apos;16.0.1&apos;
Driver info: driver.version: RemoteWebDriver
		at org.openqa.selenium.json.JsonOutput.close(JsonOutput.java:279)
		at org.openqa.selenium.json.Json.toJson(Json.java:44)
		... 44 more
	at org.openqa.selenium.json.JsonOutput.convertUsingMethod(JsonOutput.java:328)
	... 56 more
Caused by: org.openqa.selenium.NoSuchElementException: no such element: Unable to locate element: {&quot;method&quot;:&quot;xpath&quot;,&quot;selector&quot;:&quot;//h3[contains(text(),&apos;Most Purchased Medicines&apos;)]&quot;}
  (Session info: chrome=109.0.5414.120)
For documentation on this error, please visit: https://www.seleniumhq.org/exceptions/no_such_element.html
Build info: version: &apos;3.141.59&apos;, revision: &apos;e82be7d358&apos;, time: &apos;2018-11-14T08:17:03&apos;
System info: host: &apos;LIN51013508&apos;, ip: &apos;192.168.29.56&apos;, os.name: &apos;Windows 10&apos;, os.arch: &apos;amd64&apos;, os.version: &apos;10.0&apos;, java.version: &apos;16.0.1&apos;
Driver info: org.openqa.selenium.chrome.ChromeDriver
Capabilities {acceptInsecureCerts: false, browserName: chrome, browserVersion: 109.0.5414.120, chrome: {chromedriverVersion: 109.0.5414.74 (e7c5703604da..., userDataDir: C:\Program Files (x86)\scop...}, goog:chromeOptions: {debuggerAddress: localhost:61382}, javascriptEnabled: true, networkConnectionEnabled: false, pageLoadStrategy: normal, platform: WINDOWS, platformName: WINDOWS, proxy: Proxy(), setWindowRect: true, strictFileInteractability: false, timeouts: {implicit: 0, pageLoad: 300000, script: 30000}, unhandledPromptBehavior: dismiss and notify, webauthn:extension:credBlob: true, webauthn:extension:largeBlob: true, webauthn:virtualAuthenticators: true}
Session ID: 4570487c3164c01f976ce49b23a5bcac
*** Element info: {Using=xpath, value=//h3[contains(text(),&apos;Most Purchased Medicines&apos;)]}
	at org.openqa.selenium.remote.http.W3CHttpResponseCodec.createException(W3CHttpResponseCodec.java:187)
	at org.openqa.selenium.remote.http.W3CHttpResponseCodec.decode(W3CHttpResponseCodec.java:122)
	at org.openqa.selenium.remote.http.W3CHttpResponseCodec.decode(W3CHttpResponseCodec.java:49)
	at org.openqa.selenium.remote.HttpCommandExecutor.execute(HttpCommandExecutor.java:158)
	at org.openqa.selenium.remote.service.DriverCommandExecutor.execute(DriverCommandExecutor.java:83)
	at org.openqa.selenium.remote.RemoteWebDriver.execute(RemoteWebDriver.java:552)
	at org.openqa.selenium.remote.RemoteWebDriver.findElement(RemoteWebDriver.java:323)
	at org.openqa.selenium.remote.RemoteWebDriver.findElementByXPath(RemoteWebDriver.java:428)
	at org.openqa.selenium.By$ByXPath.findElement(By.java:353)
	at org.openqa.selenium.remote.RemoteWebDriver.findElement(RemoteWebDriver.java:315)
	at org.openqa.selenium.support.pagefactory.DefaultElementLocator.findElement(DefaultElementLocator.java:69)
	at org.openqa.selenium.support.pagefactory.internal.LocatingElementHandler.invoke(LocatingElementHandler.java:38)
	at jdk.proxy2/jdk.proxy2.$Proxy11.getWrappedElement(Unknown Source)
	at org.openqa.selenium.interactions.PointerInput$Origin.asArg(PointerInput.java:204)
	at org.openqa.selenium.interactions.PointerInput$Move.encode(PointerInput.java:155)
	at org.openqa.selenium.interactions.Sequence.encode(Sequence.java:75)
	at org.openqa.selenium.interactions.Sequence.toJson(Sequence.java:84)
	... 61 more
... Removed 42 stack frames</div></td></tr></table><p class="totop"><a href="#summary">back to summary</a></p>
<h3 id="m5">med.webtest.MedicareHomeTest#validateMostViewedProductCount</h3><table class="result"><tr class="param"><th>Parameter #1</th></tr><tr class="param stripe"><td>5</td></tr><tr><th>Exception</th></tr><tr><td><div class="stacktrace">org.openqa.selenium.json.JsonException: java.lang.reflect.InvocationTargetException
Build info: version: &apos;3.141.59&apos;, revision: &apos;e82be7d358&apos;, time: &apos;2018-11-14T08:17:03&apos;
System info: host: &apos;LIN51013508&apos;, ip: &apos;192.168.29.56&apos;, os.name: &apos;Windows 10&apos;, os.arch: &apos;amd64&apos;, os.version: &apos;10.0&apos;, java.version: &apos;16.0.1&apos;
Driver info: driver.version: RemoteWebDriver
	at org.openqa.selenium.json.JsonOutput.convertUsingMethod(JsonOutput.java:332)
	at org.openqa.selenium.json.JsonOutput.lambda$new$16(JsonOutput.java:155)
	at org.openqa.selenium.json.JsonOutput.write(JsonOutput.java:264)
	at org.openqa.selenium.json.JsonOutput.lambda$null$21(JsonOutput.java:168)
	at java.base/java.util.LinkedHashMap$LinkedValues.forEach(LinkedHashMap.java:647)
	at org.openqa.selenium.json.JsonOutput.lambda$new$22(JsonOutput.java:168)
	at org.openqa.selenium.json.JsonOutput.write(JsonOutput.java:264)
	at org.openqa.selenium.json.JsonOutput.lambda$null$23(JsonOutput.java:177)
	at com.google.common.collect.SingletonImmutableBiMap.forEach(SingletonImmutableBiMap.java:65)
	at org.openqa.selenium.json.JsonOutput.lambda$new$24(JsonOutput.java:176)
	at org.openqa.selenium.json.JsonOutput.write(JsonOutput.java:264)
	at org.openqa.selenium.json.JsonOutput.write(JsonOutput.java:255)
	at org.openqa.selenium.json.Json.toJson(Json.java:42)
	at org.openqa.selenium.remote.http.AbstractHttpCommandCodec.encode(AbstractHttpCommandCodec.java:227)
	at org.openqa.selenium.remote.http.AbstractHttpCommandCodec.encode(AbstractHttpCommandCodec.java:117)
	at org.openqa.selenium.remote.HttpCommandExecutor.execute(HttpCommandExecutor.java:152)
	at org.openqa.selenium.remote.service.DriverCommandExecutor.execute(DriverCommandExecutor.java:83)
	at org.openqa.selenium.remote.RemoteWebDriver.execute(RemoteWebDriver.java:552)
	at org.openqa.selenium.remote.RemoteWebDriver.perform(RemoteWebDriver.java:618)
	at org.openqa.selenium.interactions.Actions$BuiltAction.perform(Actions.java:639)
	at org.openqa.selenium.interactions.Actions.perform(Actions.java:595)
	at med.webpages.TestPageBase.moveToElement(TestPageBase.java:137)
	at med.webpages.MedicareHomePage.validateMostViewedProduct(MedicareHomePage.java:73)
	at med.webtest.MedicareHomeTest.validateMostViewedProductCount(MedicareHomeTest.java:62)
	at java.base/java.util.ArrayList.forEach(ArrayList.java:1511)
	Suppressed: org.openqa.selenium.json.JsonException: Attempting to close incomplete json stream
Build info: version: &apos;3.141.59&apos;, revision: &apos;e82be7d358&apos;, time: &apos;2018-11-14T08:17:03&apos;
System info: host: &apos;LIN51013508&apos;, ip: &apos;192.168.29.56&apos;, os.name: &apos;Windows 10&apos;, os.arch: &apos;amd64&apos;, os.version: &apos;10.0&apos;, java.version: &apos;16.0.1&apos;
Driver info: driver.version: RemoteWebDriver
		at org.openqa.selenium.json.JsonOutput.close(JsonOutput.java:279)
		at org.openqa.selenium.json.Json.toJson(Json.java:44)
		... 44 more
	at org.openqa.selenium.json.JsonOutput.convertUsingMethod(JsonOutput.java:328)
	... 56 more
Caused by: org.openqa.selenium.NoSuchElementException: no such element: Unable to locate element: {&quot;method&quot;:&quot;xpath&quot;,&quot;selector&quot;:&quot;//h3[contains(text(),&apos;Most Viewed Medicines&apos;)]&quot;}
  (Session info: chrome=109.0.5414.120)
For documentation on this error, please visit: https://www.seleniumhq.org/exceptions/no_such_element.html
Build info: version: &apos;3.141.59&apos;, revision: &apos;e82be7d358&apos;, time: &apos;2018-11-14T08:17:03&apos;
System info: host: &apos;LIN51013508&apos;, ip: &apos;192.168.29.56&apos;, os.name: &apos;Windows 10&apos;, os.arch: &apos;amd64&apos;, os.version: &apos;10.0&apos;, java.version: &apos;16.0.1&apos;
Driver info: org.openqa.selenium.chrome.ChromeDriver
Capabilities {acceptInsecureCerts: false, browserName: chrome, browserVersion: 109.0.5414.120, chrome: {chromedriverVersion: 109.0.5414.74 (e7c5703604da..., userDataDir: C:\Program Files (x86)\scop...}, goog:chromeOptions: {debuggerAddress: localhost:61382}, javascriptEnabled: true, networkConnectionEnabled: false, pageLoadStrategy: normal, platform: WINDOWS, platformName: WINDOWS, proxy: Proxy(), setWindowRect: true, strictFileInteractability: false, timeouts: {implicit: 0, pageLoad: 300000, script: 30000}, unhandledPromptBehavior: dismiss and notify, webauthn:extension:credBlob: true, webauthn:extension:largeBlob: true, webauthn:virtualAuthenticators: true}
Session ID: 4570487c3164c01f976ce49b23a5bcac
*** Element info: {Using=xpath, value=//h3[contains(text(),&apos;Most Viewed Medicines&apos;)]}
	at org.openqa.selenium.remote.http.W3CHttpResponseCodec.createException(W3CHttpResponseCodec.java:187)
	at org.openqa.selenium.remote.http.W3CHttpResponseCodec.decode(W3CHttpResponseCodec.java:122)
	at org.openqa.selenium.remote.http.W3CHttpResponseCodec.decode(W3CHttpResponseCodec.java:49)
	at org.openqa.selenium.remote.HttpCommandExecutor.execute(HttpCommandExecutor.java:158)
	at org.openqa.selenium.remote.service.DriverCommandExecutor.execute(DriverCommandExecutor.java:83)
	at org.openqa.selenium.remote.RemoteWebDriver.execute(RemoteWebDriver.java:552)
	at org.openqa.selenium.remote.RemoteWebDriver.findElement(RemoteWebDriver.java:323)
	at org.openqa.selenium.remote.RemoteWebDriver.findElementByXPath(RemoteWebDriver.java:428)
	at org.openqa.selenium.By$ByXPath.findElement(By.java:353)
	at org.openqa.selenium.remote.RemoteWebDriver.findElement(RemoteWebDriver.java:315)
	at org.openqa.selenium.support.pagefactory.DefaultElementLocator.findElement(DefaultElementLocator.java:69)
	at org.openqa.selenium.support.pagefactory.internal.LocatingElementHandler.invoke(LocatingElementHandler.java:38)
	at jdk.proxy2/jdk.proxy2.$Proxy11.getWrappedElement(Unknown Source)
	at org.openqa.selenium.interactions.PointerInput$Origin.asArg(PointerInput.java:204)
	at org.openqa.selenium.interactions.PointerInput$Move.encode(PointerInput.java:155)
	at org.openqa.selenium.interactions.Sequence.encode(Sequence.java:75)
	at org.openqa.selenium.interactions.Sequence.toJson(Sequence.java:84)
	... 61 more
... Removed 42 stack frames</div></td></tr></table><p class="totop"><a href="#summary">back to summary</a></p>
<h3 id="m6">med.webtest.MedicareSignupTest#validateExistingUserLogin</h3><table class="result"><tr><th>Exception</th></tr><tr><td><div class="stacktrace">org.openqa.selenium.NoSuchElementException: no such element: Unable to locate element: {&quot;method&quot;:&quot;xpath&quot;,&quot;selector&quot;:&quot;//li[@id=&apos;login&apos;]/a&quot;}
  (Session info: chrome=109.0.5414.120)
For documentation on this error, please visit: https://www.seleniumhq.org/exceptions/no_such_element.html
Build info: version: &apos;3.141.59&apos;, revision: &apos;e82be7d358&apos;, time: &apos;2018-11-14T08:17:03&apos;
System info: host: &apos;LIN51013508&apos;, ip: &apos;192.168.29.56&apos;, os.name: &apos;Windows 10&apos;, os.arch: &apos;amd64&apos;, os.version: &apos;10.0&apos;, java.version: &apos;16.0.1&apos;
Driver info: org.openqa.selenium.chrome.ChromeDriver
Capabilities {acceptInsecureCerts: false, browserName: chrome, browserVersion: 109.0.5414.120, chrome: {chromedriverVersion: 109.0.5414.74 (e7c5703604da..., userDataDir: C:\Program Files (x86)\scop...}, goog:chromeOptions: {debuggerAddress: localhost:61512}, javascriptEnabled: true, networkConnectionEnabled: false, pageLoadStrategy: normal, platform: WINDOWS, platformName: WINDOWS, proxy: Proxy(), setWindowRect: true, strictFileInteractability: false, timeouts: {implicit: 0, pageLoad: 300000, script: 30000}, unhandledPromptBehavior: dismiss and notify, webauthn:extension:credBlob: true, webauthn:extension:largeBlob: true, webauthn:virtualAuthenticators: true}
Session ID: 180e5d2f0faa08255e0bd2815097bbcc
*** Element info: {Using=xpath, value=//li[@id=&apos;login&apos;]/a}
	at org.openqa.selenium.remote.http.W3CHttpResponseCodec.createException(W3CHttpResponseCodec.java:187)
	at org.openqa.selenium.remote.http.W3CHttpResponseCodec.decode(W3CHttpResponseCodec.java:122)
	at org.openqa.selenium.remote.http.W3CHttpResponseCodec.decode(W3CHttpResponseCodec.java:49)
	at org.openqa.selenium.remote.HttpCommandExecutor.execute(HttpCommandExecutor.java:158)
	at org.openqa.selenium.remote.service.DriverCommandExecutor.execute(DriverCommandExecutor.java:83)
	at org.openqa.selenium.remote.RemoteWebDriver.execute(RemoteWebDriver.java:552)
	at org.openqa.selenium.remote.RemoteWebDriver.findElement(RemoteWebDriver.java:323)
	at org.openqa.selenium.remote.RemoteWebDriver.findElementByXPath(RemoteWebDriver.java:428)
	at org.openqa.selenium.By$ByXPath.findElement(By.java:353)
	at org.openqa.selenium.remote.RemoteWebDriver.findElement(RemoteWebDriver.java:315)
	at org.openqa.selenium.support.pagefactory.DefaultElementLocator.findElement(DefaultElementLocator.java:69)
	at org.openqa.selenium.support.pagefactory.internal.LocatingElementHandler.invoke(LocatingElementHandler.java:38)
	at jdk.proxy2/jdk.proxy2.$Proxy11.click(Unknown Source)
	at med.webpages.MedicareSignupPage.validateLoginExistingUser(MedicareSignupPage.java:92)
	at med.webtest.MedicareSignupTest.validateExistingUserLogin(MedicareSignupTest.java:51)
	at java.base/java.util.ArrayList.forEach(ArrayList.java:1511)
... Removed 37 stack frames</div></td></tr></table><p class="totop"><a href="#summary">back to summary</a></p>
<h3 id="m7">med.webtest.MedicareSignupTest#validateSignupNewUser</h3><table class="result"><tr class="param"><th>Parameter #1</th></tr><tr class="param stripe"><td>{lastName=Puja, country=India, expContact=12345678, expCityZip=Pune - 411033, city=Pune, postalCode=411033, password=12345, expHeading=Welcome, expLoginName=Adi Puja, contactNumber=12345678, expCountry=India, confirmPassword=12345, selectRole=User, state=Maharashtra, expState=Maharashtra, email=adipuja@gmail.com, expEmail=adipuja@gmail.com, expRole=USER, expAddr2=Senthil Andavar Street, expName=Adi Puja, expAddr1=No 18 Dwaraka Flats, expDesc=email address as username to login, firstName=Adi, addrLine2=Senthil Andavar Street, expPara=medicare, addrLine1=No 18 Dwaraka Flats, expLogoutUrl=/medicare/login?logout}</td></tr><tr><th>Exception</th></tr><tr><td><div class="stacktrace">org.openqa.selenium.NoSuchElementException: no such element: Unable to locate element: {&quot;method&quot;:&quot;xpath&quot;,&quot;selector&quot;:&quot;//a[text()=&apos;Sign Up&apos;]&quot;}
  (Session info: chrome=109.0.5414.120)
For documentation on this error, please visit: https://www.seleniumhq.org/exceptions/no_such_element.html
Build info: version: &apos;3.141.59&apos;, revision: &apos;e82be7d358&apos;, time: &apos;2018-11-14T08:17:03&apos;
System info: host: &apos;LIN51013508&apos;, ip: &apos;192.168.29.56&apos;, os.name: &apos;Windows 10&apos;, os.arch: &apos;amd64&apos;, os.version: &apos;10.0&apos;, java.version: &apos;16.0.1&apos;
Driver info: org.openqa.selenium.chrome.ChromeDriver
Capabilities {acceptInsecureCerts: false, browserName: chrome, browserVersion: 109.0.5414.120, chrome: {chromedriverVersion: 109.0.5414.74 (e7c5703604da..., userDataDir: C:\Program Files (x86)\scop...}, goog:chromeOptions: {debuggerAddress: localhost:61512}, javascriptEnabled: true, networkConnectionEnabled: false, pageLoadStrategy: normal, platform: WINDOWS, platformName: WINDOWS, proxy: Proxy(), setWindowRect: true, strictFileInteractability: false, timeouts: {implicit: 0, pageLoad: 300000, script: 30000}, unhandledPromptBehavior: dismiss and notify, webauthn:extension:credBlob: true, webauthn:extension:largeBlob: true, webauthn:virtualAuthenticators: true}
Session ID: 180e5d2f0faa08255e0bd2815097bbcc
*** Element info: {Using=xpath, value=//a[text()=&apos;Sign Up&apos;]}
	at org.openqa.selenium.remote.http.W3CHttpResponseCodec.createException(W3CHttpResponseCodec.java:187)
	at org.openqa.selenium.remote.http.W3CHttpResponseCodec.decode(W3CHttpResponseCodec.java:122)
	at org.openqa.selenium.remote.http.W3CHttpResponseCodec.decode(W3CHttpResponseCodec.java:49)
	at org.openqa.selenium.remote.HttpCommandExecutor.execute(HttpCommandExecutor.java:158)
	at org.openqa.selenium.remote.service.DriverCommandExecutor.execute(DriverCommandExecutor.java:83)
	at org.openqa.selenium.remote.RemoteWebDriver.execute(RemoteWebDriver.java:552)
	at org.openqa.selenium.remote.RemoteWebDriver.findElement(RemoteWebDriver.java:323)
	at org.openqa.selenium.remote.RemoteWebDriver.findElementByXPath(RemoteWebDriver.java:428)
	at org.openqa.selenium.By$ByXPath.findElement(By.java:353)
	at org.openqa.selenium.remote.RemoteWebDriver.findElement(RemoteWebDriver.java:315)
	at org.openqa.selenium.support.pagefactory.DefaultElementLocator.findElement(DefaultElementLocator.java:69)
	at org.openqa.selenium.support.pagefactory.internal.LocatingElementHandler.invoke(LocatingElementHandler.java:38)
	at jdk.proxy2/jdk.proxy2.$Proxy11.click(Unknown Source)
	at med.webpages.MedicareSignupPage.validateSignUpNewUser(MedicareSignupPage.java:143)
	at med.webtest.MedicareSignupTest.validateSignupNewUser(MedicareSignupTest.java:46)
	at java.base/java.util.ArrayList.forEach(ArrayList.java:1511)
... Removed 37 stack frames</div></td></tr></table><p class="totop"><a href="#summary">back to summary</a></p>
<h3 id="m8">med.webtest.MedicareUserCheckoutTest#removeProductCart</h3><table class="result"><tr><th>Exception</th></tr><tr><td><div class="stacktrace">org.openqa.selenium.TimeoutException: Expected condition failed: waiting for visibility of Proxy element for: DefaultElementLocator &apos;By.xpath: //li[@class=&apos;dropdown open&apos;]/a&apos; (tried for 30 second(s) with 500 milliseconds interval)
	at org.openqa.selenium.support.ui.WebDriverWait.timeoutException(WebDriverWait.java:95)
	at org.openqa.selenium.support.ui.FluentWait.until(FluentWait.java:272)
	at med.webpages.TestPageBase.waitForElementToBeVisible(TestPageBase.java:73)
	at med.webpages.MedicareUserPage.removeMedicine(MedicareUserPage.java:165)
	at med.webtest.MedicareUserCheckoutTest.removeProductCart(MedicareUserCheckoutTest.java:56)
	at java.base/java.util.ArrayList.forEach(ArrayList.java:1511)
Caused by: org.openqa.selenium.NoSuchElementException: no such element: Unable to locate element: {&quot;method&quot;:&quot;xpath&quot;,&quot;selector&quot;:&quot;//li[@class=&apos;dropdown open&apos;]/a&quot;}
  (Session info: chrome=109.0.5414.120)
For documentation on this error, please visit: https://www.seleniumhq.org/exceptions/no_such_element.html
Build info: version: &apos;3.141.59&apos;, revision: &apos;e82be7d358&apos;, time: &apos;2018-11-14T08:17:03&apos;
System info: host: &apos;LIN51013508&apos;, ip: &apos;192.168.29.56&apos;, os.name: &apos;Windows 10&apos;, os.arch: &apos;amd64&apos;, os.version: &apos;10.0&apos;, java.version: &apos;16.0.1&apos;
Driver info: org.openqa.selenium.chrome.ChromeDriver
Capabilities {acceptInsecureCerts: false, browserName: chrome, browserVersion: 109.0.5414.120, chrome: {chromedriverVersion: 109.0.5414.74 (e7c5703604da..., userDataDir: C:\Program Files (x86)\scop...}, goog:chromeOptions: {debuggerAddress: localhost:61615}, javascriptEnabled: true, networkConnectionEnabled: false, pageLoadStrategy: normal, platform: WINDOWS, platformName: WINDOWS, proxy: Proxy(), setWindowRect: true, strictFileInteractability: false, timeouts: {implicit: 0, pageLoad: 300000, script: 30000}, unhandledPromptBehavior: dismiss and notify, webauthn:extension:credBlob: true, webauthn:extension:largeBlob: true, webauthn:virtualAuthenticators: true}
Session ID: d38a2229b3a671e6ba2e7a756892ecb9
*** Element info: {Using=xpath, value=//li[@class=&apos;dropdown open&apos;]/a}
	at org.openqa.selenium.remote.http.W3CHttpResponseCodec.createException(W3CHttpResponseCodec.java:187)
	at org.openqa.selenium.remote.http.W3CHttpResponseCodec.decode(W3CHttpResponseCodec.java:122)
	at org.openqa.selenium.remote.http.W3CHttpResponseCodec.decode(W3CHttpResponseCodec.java:49)
	at org.openqa.selenium.remote.HttpCommandExecutor.execute(HttpCommandExecutor.java:158)
	at org.openqa.selenium.remote.service.DriverCommandExecutor.execute(DriverCommandExecutor.java:83)
	at org.openqa.selenium.remote.RemoteWebDriver.execute(RemoteWebDriver.java:552)
	at org.openqa.selenium.remote.RemoteWebDriver.findElement(RemoteWebDriver.java:323)
	at org.openqa.selenium.remote.RemoteWebDriver.findElementByXPath(RemoteWebDriver.java:428)
	at org.openqa.selenium.By$ByXPath.findElement(By.java:353)
	at org.openqa.selenium.remote.RemoteWebDriver.findElement(RemoteWebDriver.java:315)
	at org.openqa.selenium.support.pagefactory.DefaultElementLocator.findElement(DefaultElementLocator.java:69)
	at org.openqa.selenium.support.pagefactory.internal.LocatingElementHandler.invoke(LocatingElementHandler.java:38)
	at jdk.proxy2/jdk.proxy2.$Proxy11.isDisplayed(Unknown Source)
	at org.openqa.selenium.support.ui.ExpectedConditions.elementIfVisible(ExpectedConditions.java:314)
	at org.openqa.selenium.support.ui.ExpectedConditions.access$000(ExpectedConditions.java:43)
	at org.openqa.selenium.support.ui.ExpectedConditions$10.apply(ExpectedConditions.java:300)
	at org.openqa.selenium.support.ui.ExpectedConditions$10.apply(ExpectedConditions.java:297)
	at org.openqa.selenium.support.ui.FluentWait.until(FluentWait.java:249)
	... 36 more
... Removed 37 stack frames</div></td></tr></table><p class="totop"><a href="#summary">back to summary</a></p>
<h3 id="m9">med.webtest.MedicareUserTest#validateProductDetail</h3><table class="result"><tr class="param"><th>Parameter #1</th></tr><tr class="param stripe"><td>{dropdownSelectValue=5, pageNumber=1, productBrand=Cipla, productQty=80, rowNumber=4, expProductPrice=₹ 42.0 /-, productName=Aceclofenac, productPrice=₹ 42, expProductDesc=A muscle relaxant medicine}</td></tr><tr><th>Exception</th></tr><tr><td><div class="stacktrace">java.lang.AssertionError: expected [true] but found [false]
	at med.webpages.MedicareUserPage.validateUserProductDetail(MedicareUserPage.java:91)
	at med.webtest.MedicareUserTest.validateProductDetail(MedicareUserTest.java:57)
	at java.base/java.util.ArrayList.forEach(ArrayList.java:1511)
... Removed 36 stack frames</div></td></tr></table><p class="totop"><a href="#summary">back to summary</a></p>
<h3 id="m10">med.webtest.MedicareUserTest#validateProductDetail</h3><table class="result"><tr class="param"><th>Parameter #1</th></tr><tr class="param stripe"><td>{dropdownSelectValue=5, pageNumber=1, productBrand=Cipla, productQty=50, rowNumber=2, expProductPrice=₹ 22.0 /-, productName=Dolo 650, productPrice=₹ 22, expProductDesc=An antipyretic medicine used for fever}</td></tr><tr><th>Exception</th></tr><tr><td><div class="stacktrace">java.lang.AssertionError: expected [true] but found [false]
	at med.webpages.MedicareUserPage.validateUserProductDetail(MedicareUserPage.java:91)
	at med.webtest.MedicareUserTest.validateProductDetail(MedicareUserTest.java:57)
	at java.base/java.util.ArrayList.forEach(ArrayList.java:1511)
... Removed 36 stack frames</div></td></tr></table><p class="totop"><a href="#summary">back to summary</a></p>
<h3 id="m11">med.webtest.MedicareViewProductTest#validateViewProductCategory</h3><table class="result"><tr class="param"><th>Parameter #1</th></tr><tr class="param stripe"><td>{dropdownSelectValue=5, pageNumber=1, totalProducts=1, productBrand=Cipla, totalPages=1, productQty=49, category=Paracetamol, rowNumber=1, productName=Dolo 650, productPrice=22}</td></tr><tr><th>Exception</th></tr><tr><td><div class="stacktrace">java.lang.AssertionError: expected [49] but found [48]
	at med.webpages.MedicareViewProductsPage.validateProductListResult(MedicareViewProductsPage.java:233)
	at med.webpages.MedicareViewProductsPage.validateViewProductTableCategory(MedicareViewProductsPage.java:178)
	at med.webtest.MedicareViewProductTest.validateViewProductCategory(MedicareViewProductTest.java:84)
	at java.base/java.util.ArrayList.forEach(ArrayList.java:1511)
... Removed 38 stack frames</div></td></tr></table><p class="totop"><a href="#summary">back to summary</a></p>
<h3 id="m12">med.webtest.MedicareViewProductTest#validateViewProductCategory</h3><table class="result"><tr class="param"><th>Parameter #1</th></tr><tr class="param stripe"><td>{dropdownSelectValue=5, pageNumber=1, totalProducts=2, productBrand=Cipla, totalPages=1, productQty=79, category=Analgesics, rowNumber=2, productName=Aceclofenac, productPrice=42}</td></tr><tr><th>Exception</th></tr><tr><td><div class="stacktrace">java.lang.AssertionError: expected [79] but found [77]
	at med.webpages.MedicareViewProductsPage.validateProductListResult(MedicareViewProductsPage.java:233)
	at med.webpages.MedicareViewProductsPage.validateViewProductTableCategory(MedicareViewProductsPage.java:178)
	at med.webtest.MedicareViewProductTest.validateViewProductCategory(MedicareViewProductTest.java:84)
	at java.base/java.util.ArrayList.forEach(ArrayList.java:1511)
... Removed 38 stack frames</div></td></tr></table><p class="totop"><a href="#summary">back to summary</a></p>
<h3 id="m13">med.webtest.MedicareViewProductTest#validateViewProductCategory</h3><table class="result"><tr class="param"><th>Parameter #1</th></tr><tr class="param stripe"><td>{dropdownSelectValue=5, pageNumber=1, totalProducts=2, productBrand=Sun Pharma, totalPages=1, productQty=64, category=Antibiotics, rowNumber=1, productName=Amoxicillin, productPrice=54}</td></tr><tr><th>Exception</th></tr><tr><td><div class="stacktrace">java.lang.AssertionError: expected [64] but found [63]
	at med.webpages.MedicareViewProductsPage.validateProductListResult(MedicareViewProductsPage.java:233)
	at med.webpages.MedicareViewProductsPage.validateViewProductTableCategory(MedicareViewProductsPage.java:178)
	at med.webtest.MedicareViewProductTest.validateViewProductCategory(MedicareViewProductTest.java:84)
	at java.base/java.util.ArrayList.forEach(ArrayList.java:1511)
... Removed 38 stack frames</div></td></tr></table><p class="totop"><a href="#summary">back to summary</a></p>
<h3 id="m14">med.webtest.MedicareViewProductTest#validateViewProductList</h3><table class="result"><tr class="param"><th>Parameter #1</th></tr><tr class="param stripe"><td>{dropdownSelectValue=-1, pageNumber=1, totalProducts=8 entries, productBrand=Intas, totalPages=1, productQty=20, rowNumber=3, productName=Diclofenac, productPrice=30}</td></tr><tr><th>Exception</th></tr><tr><td><div class="stacktrace">java.lang.AssertionError: expected [true] but found [false]
	at med.webpages.MedicareViewProductsPage.validateProductListResult(MedicareViewProductsPage.java:228)
	at med.webpages.MedicareViewProductsPage.validateViewProductTableList(MedicareViewProductsPage.java:136)
	at med.webtest.MedicareViewProductTest.validateViewProductList(MedicareViewProductTest.java:55)
	at java.base/java.util.ArrayList.forEach(ArrayList.java:1511)
... Removed 36 stack frames</div></td></tr></table><p class="totop"><a href="#summary">back to summary</a></p>
<h3 id="m15">med.webtest.MedicareViewProductTest#validateViewProductList</h3><table class="result"><tr class="param"><th>Parameter #1</th></tr><tr class="param stripe"><td>{dropdownSelectValue=5, pageNumber=2, totalProducts=8 entries, productBrand=Sun Pharma, totalPages=2, productQty=44, rowNumber=1, productName=Ciprofloxacin, productPrice=48}</td></tr><tr><th>Exception</th></tr><tr><td><div class="stacktrace">java.lang.AssertionError: expected [true] but found [false]
	at med.webpages.MedicareViewProductsPage.validateProductListResult(MedicareViewProductsPage.java:228)
	at med.webpages.MedicareViewProductsPage.validateViewProductTableList(MedicareViewProductsPage.java:136)
	at med.webtest.MedicareViewProductTest.validateViewProductList(MedicareViewProductTest.java:55)
	at java.base/java.util.ArrayList.forEach(ArrayList.java:1511)
... Removed 36 stack frames</div></td></tr></table><p class="totop"><a href="#summary">back to summary</a></p>
<h3 id="m16">med.webtest.MedicareViewProductTest#validateViewProductList</h3><table class="result"><tr class="param"><th>Parameter #1</th></tr><tr class="param stripe"><td>{dropdownSelectValue=5, pageNumber=1, totalProducts=8 entries, productBrand=Cipla, totalPages=2, productQty=50, rowNumber=1, productName=Paracetamol, productPrice=18}</td></tr><tr><th>Exception</th></tr><tr><td><div class="stacktrace">java.lang.AssertionError: expected [true] but found [false]
	at med.webpages.MedicareViewProductsPage.validateProductListResult(MedicareViewProductsPage.java:228)
	at med.webpages.MedicareViewProductsPage.validateViewProductTableList(MedicareViewProductsPage.java:136)
	at med.webtest.MedicareViewProductTest.validateViewProductList(MedicareViewProductTest.java:55)
	at java.base/java.util.ArrayList.forEach(ArrayList.java:1511)
... Removed 36 stack frames</div></td></tr></table><p class="totop"><a href="#summary">back to summary</a></p>
<h3 id="m17">med.webtest.MedicareViewProductTest#validateViewProductList</h3><table class="result"><tr class="param"><th>Parameter #1</th></tr><tr class="param stripe"><td>{dropdownSelectValue=10, pageNumber=1, totalProducts=8 entries, productBrand=Cipla, totalPages=1, productQty=49, rowNumber=2, productName=Dolo 650, productPrice=22}</td></tr><tr><th>Exception</th></tr><tr><td><div class="stacktrace">java.lang.AssertionError: expected [true] but found [false]
	at med.webpages.MedicareViewProductsPage.validateProductListResult(MedicareViewProductsPage.java:228)
	at med.webpages.MedicareViewProductsPage.validateViewProductTableList(MedicareViewProductsPage.java:136)
	at med.webtest.MedicareViewProductTest.validateViewProductList(MedicareViewProductTest.java:55)
	at java.base/java.util.ArrayList.forEach(ArrayList.java:1511)
... Removed 36 stack frames</div></td></tr></table><p class="totop"><a href="#summary">back to summary</a></p>
<h3 id="m18">med.webtest.MedicareViewProductTest#validateViewProductList</h3><table class="result"><tr class="param"><th>Parameter #1</th></tr><tr class="param stripe"><td>{dropdownSelectValue=3, pageNumber=2, totalProducts=8 entries, productBrand=Sun Pharma, totalPages=3, productQty=64, rowNumber=2, productName=Amoxicillin, productPrice=54}</td></tr><tr><th>Exception</th></tr><tr><td><div class="stacktrace">java.lang.AssertionError: expected [true] but found [false]
	at med.webpages.MedicareViewProductsPage.validateProductListResult(MedicareViewProductsPage.java:228)
	at med.webpages.MedicareViewProductsPage.validateViewProductTableList(MedicareViewProductsPage.java:136)
	at med.webtest.MedicareViewProductTest.validateViewProductList(MedicareViewProductTest.java:55)
	at java.base/java.util.ArrayList.forEach(ArrayList.java:1511)
... Removed 36 stack frames</div></td></tr></table><p class="totop"><a href="#summary">back to summary</a></p>
<h3 id="m19">med.webtest.MedicareViewProductTest#validateViewProductList</h3><table class="result"><tr class="param"><th>Parameter #1</th></tr><tr class="param stripe"><td>{dropdownSelectValue=3, pageNumber=2, totalProducts=8 entries, productBrand=Cipla, totalPages=3, productQty=78, rowNumber=1, productName=Aceclofenac, productPrice=42}</td></tr><tr><th>Exception</th></tr><tr><td><div class="stacktrace">java.lang.AssertionError: expected [true] but found [false]
	at med.webpages.MedicareViewProductsPage.validateProductListResult(MedicareViewProductsPage.java:228)
	at med.webpages.MedicareViewProductsPage.validateViewProductTableList(MedicareViewProductsPage.java:136)
	at med.webtest.MedicareViewProductTest.validateViewProductList(MedicareViewProductTest.java:55)
	at java.base/java.util.ArrayList.forEach(ArrayList.java:1511)
... Removed 36 stack frames</div></td></tr></table><p class="totop"><a href="#summary">back to summary</a></p>
<h3 id="m20">med.webtest.MedicareViewProductTest#validateViewProductSearch</h3><table class="result"><tr class="param"><th>Parameter #1</th></tr><tr class="param stripe"><td>{dropdownSelectValue=5, searchText=ac, pageNumber=1, totalProducts=4, productBrand=Cipla, totalPages=1, productQty=79, rowNumber=3, productName=Aceclofenac, productPrice=42}</td></tr><tr><th>Exception</th></tr><tr><td><div class="stacktrace">java.lang.AssertionError: expected [79] but found [77]
	at med.webpages.MedicareViewProductsPage.validateProductListResult(MedicareViewProductsPage.java:233)
	at med.webpages.MedicareViewProductsPage.validateViewProductTableSearch(MedicareViewProductsPage.java:157)
	at med.webtest.MedicareViewProductTest.validateViewProductSearch(MedicareViewProductTest.java:76)
	at java.base/java.util.ArrayList.forEach(ArrayList.java:1511)
... Removed 38 stack frames</div></td></tr></table><p class="totop"><a href="#summary">back to summary</a></p>
<h3 id="m21">med.webtest.MedicareViewProductTest#validateViewProductSearch</h3><table class="result"><tr class="param"><th>Parameter #1</th></tr><tr class="param stripe"><td>{dropdownSelectValue=5, searchText=ace, pageNumber=1, totalProducts=2, productBrand=Cipla, totalPages=1, productQty=79, rowNumber=2, productName=Aceclofenac, productPrice=42}</td></tr><tr><th>Exception</th></tr><tr><td><div class="stacktrace">java.lang.AssertionError: expected [79] but found [77]
	at med.webpages.MedicareViewProductsPage.validateProductListResult(MedicareViewProductsPage.java:233)
	at med.webpages.MedicareViewProductsPage.validateViewProductTableSearch(MedicareViewProductsPage.java:157)
	at med.webtest.MedicareViewProductTest.validateViewProductSearch(MedicareViewProductTest.java:76)
	at java.base/java.util.ArrayList.forEach(ArrayList.java:1511)
... Removed 38 stack frames</div></td></tr></table><p class="totop"><a href="#summary">back to summary</a></p>
<h3 id="m22">med.webtest.MedicareViewProductTest#validateViewProductSort</h3><table class="result"><tr class="param"><th>Parameter #1</th></tr><tr class="param stripe"><td>{dropdownSelectValue=5, pageNumber=1, sortOrder=asc, totalProducts=8, productBrand=Sun Pharma, totalPages=2, productQty=64, rowNumber=2, productName=Amoxicillin, productPrice=54}</td></tr><tr><th>Exception</th></tr><tr><td><div class="stacktrace">java.lang.AssertionError: expected [true] but found [false]
	at med.webpages.MedicareViewProductsPage.validateProductListResult(MedicareViewProductsPage.java:228)
	at med.webpages.MedicareViewProductsPage.validateViewProductTableSort(MedicareViewProductsPage.java:146)
	at med.webtest.MedicareViewProductTest.validateViewProductSort(MedicareViewProductTest.java:68)
	at java.base/java.util.ArrayList.forEach(ArrayList.java:1511)
... Removed 36 stack frames</div></td></tr></table><p class="totop"><a href="#summary">back to summary</a></p>
<h3 id="m23">med.webtest.MedicareViewProductTest#validateViewProductSort</h3><table class="result"><tr class="param"><th>Parameter #1</th></tr><tr class="param stripe"><td>{dropdownSelectValue=5, pageNumber=1, sortOrder=asc, totalProducts=8, productBrand=Cipla, totalPages=2, productQty=79, rowNumber=1, productName=Aceclofenac, productPrice=42}</td></tr><tr><th>Exception</th></tr><tr><td><div class="stacktrace">java.lang.AssertionError: expected [true] but found [false]
	at med.webpages.MedicareViewProductsPage.validateProductListResult(MedicareViewProductsPage.java:228)
	at med.webpages.MedicareViewProductsPage.validateViewProductTableSort(MedicareViewProductsPage.java:146)
	at med.webtest.MedicareViewProductTest.validateViewProductSort(MedicareViewProductTest.java:68)
	at java.base/java.util.ArrayList.forEach(ArrayList.java:1511)
... Removed 36 stack frames</div></td></tr></table><p class="totop"><a href="#summary">back to summary</a></p>
<h3 id="m24">med.webtest.MedicareViewProductTest#validateViewProductSort</h3><table class="result"><tr class="param"><th>Parameter #1</th></tr><tr class="param stripe"><td>{dropdownSelectValue=5, pageNumber=2, sortOrder=asc, totalProducts=8, productBrand=Cipla, totalPages=2, productQty=50, rowNumber=3, productName=Paracetamol, productPrice=18}</td></tr><tr><th>Exception</th></tr><tr><td><div class="stacktrace">java.lang.AssertionError: expected [true] but found [false]
	at med.webpages.MedicareViewProductsPage.validateProductListResult(MedicareViewProductsPage.java:228)
	at med.webpages.MedicareViewProductsPage.validateViewProductTableSort(MedicareViewProductsPage.java:146)
	at med.webtest.MedicareViewProductTest.validateViewProductSort(MedicareViewProductTest.java:68)
	at java.base/java.util.ArrayList.forEach(ArrayList.java:1511)
... Removed 36 stack frames</div></td></tr></table><p class="totop"><a href="#summary">back to summary</a></p>
<h3 id="m25">med.webtest.MedicareViewProductTest#validateViewProductSort</h3><table class="result"><tr class="param"><th>Parameter #1</th></tr><tr class="param stripe"><td>{dropdownSelectValue=5, pageNumber=2, sortOrder=asc, totalProducts=8, productBrand=Cipla, totalPages=2, productQty=49, rowNumber=2, productName=Dolo 650, productPrice=22}</td></tr><tr><th>Exception</th></tr><tr><td><div class="stacktrace">java.lang.AssertionError: expected [true] but found [false]
	at med.webpages.MedicareViewProductsPage.validateProductListResult(MedicareViewProductsPage.java:228)
	at med.webpages.MedicareViewProductsPage.validateViewProductTableSort(MedicareViewProductsPage.java:146)
	at med.webtest.MedicareViewProductTest.validateViewProductSort(MedicareViewProductTest.java:68)
	at java.base/java.util.ArrayList.forEach(ArrayList.java:1511)
... Removed 36 stack frames</div></td></tr></table><p class="totop"><a href="#summary">back to summary</a></p>
<h3 id="m26">med.webtest.MedicareViewProductTest#validateViewProductSort</h3><table class="result"><tr class="param"><th>Parameter #1</th></tr><tr class="param stripe"><td>{dropdownSelectValue=5, pageNumber=1, sortOrder=desc, totalProducts=8, productBrand=Intas, totalPages=2, productQty=20, rowNumber=3, productName=Diclofenac, productPrice=30}</td></tr><tr><th>Exception</th></tr><tr><td><div class="stacktrace">java.lang.AssertionError: expected [true] but found [false]
	at med.webpages.MedicareViewProductsPage.validateProductListResult(MedicareViewProductsPage.java:228)
	at med.webpages.MedicareViewProductsPage.validateViewProductTableSort(MedicareViewProductsPage.java:146)
	at med.webtest.MedicareViewProductTest.validateViewProductSort(MedicareViewProductTest.java:68)
	at java.base/java.util.ArrayList.forEach(ArrayList.java:1511)
... Removed 36 stack frames</div></td></tr></table><p class="totop"><a href="#summary">back to summary</a></p>
<h3 id="m27">med.webtest.MedicareViewProductTest#validateViewProductSort</h3><table class="result"><tr class="param"><th>Parameter #1</th></tr><tr class="param stripe"><td>{dropdownSelectValue=5, pageNumber=1, sortOrder=desc, totalProducts=8, productBrand=Cipla, totalPages=2, productQty=50, rowNumber=1, productName=Paracetamol, productPrice=18}</td></tr><tr><th>Exception</th></tr><tr><td><div class="stacktrace">java.lang.AssertionError: expected [true] but found [false]
	at med.webpages.MedicareViewProductsPage.validateProductListResult(MedicareViewProductsPage.java:228)
	at med.webpages.MedicareViewProductsPage.validateViewProductTableSort(MedicareViewProductsPage.java:146)
	at med.webtest.MedicareViewProductTest.validateViewProductSort(MedicareViewProductTest.java:68)
	at java.base/java.util.ArrayList.forEach(ArrayList.java:1511)
... Removed 36 stack frames</div></td></tr></table><p class="totop"><a href="#summary">back to summary</a></p>
<h3 id="m28">med.webtest.MedicareViewProductTest#validateViewProductSort</h3><table class="result"><tr class="param"><th>Parameter #1</th></tr><tr class="param stripe"><td>{dropdownSelectValue=5, pageNumber=2, sortOrder=asc, totalProducts=8, productBrand=Intas, totalPages=2, productQty=20, rowNumber=1, productName=Diclofenac, productPrice=30}</td></tr><tr><th>Exception</th></tr><tr><td><div class="stacktrace">java.lang.AssertionError: expected [true] but found [false]
	at med.webpages.MedicareViewProductsPage.validateProductListResult(MedicareViewProductsPage.java:228)
	at med.webpages.MedicareViewProductsPage.validateViewProductTableSort(MedicareViewProductsPage.java:146)
	at med.webtest.MedicareViewProductTest.validateViewProductSort(MedicareViewProductTest.java:68)
	at java.base/java.util.ArrayList.forEach(ArrayList.java:1511)
... Removed 36 stack frames</div></td></tr></table><p class="totop"><a href="#summary">back to summary</a></p>
<h3 id="m29">med.webtest.MedicareViewProductTest#validateViewProductSort</h3><table class="result"><tr class="param"><th>Parameter #1</th></tr><tr class="param stripe"><td>{dropdownSelectValue=5, pageNumber=1, sortOrder=asc, totalProducts=8, productBrand=Sun Pharma, totalPages=2, productQty=44, rowNumber=5, productName=Ciprofloxacin, productPrice=48}</td></tr><tr><th>Exception</th></tr><tr><td><div class="stacktrace">java.lang.AssertionError: expected [true] but found [false]
	at med.webpages.MedicareViewProductsPage.validateProductListResult(MedicareViewProductsPage.java:228)
	at med.webpages.MedicareViewProductsPage.validateViewProductTableSort(MedicareViewProductsPage.java:146)
	at med.webtest.MedicareViewProductTest.validateViewProductSort(MedicareViewProductTest.java:68)
	at java.base/java.util.ArrayList.forEach(ArrayList.java:1511)
... Removed 36 stack frames</div></td></tr></table><p class="totop"><a href="#summary">back to summary</a></p>
<h3 id="m30">med.webtest.MedicareAboutTest#validateContent</h3><table class="result"><tr class="param"><th>Parameter #1</th></tr><tr class="param stripe"><td>This is an about us page</td></tr></table><p class="totop"><a href="#summary">back to summary</a></p>
<h3 id="m31">med.webtest.MedicareAboutTest#validateHeading</h3><table class="result"><tr class="param"><th>Parameter #1</th></tr><tr class="param stripe"><td>About Us</td></tr></table><p class="totop"><a href="#summary">back to summary</a></p>
<h3 id="m32">med.webtest.MedicareAccessTest#sampleDemo</h3><table class="result"><tr><th class="invisible"/></tr></table><p class="totop"><a href="#summary">back to summary</a></p>
<h3 id="m33">med.webtest.MedicareAdminTest#validateAddCategory</h3><table class="result"><tr class="param"><th>Parameter #1</th><th>Parameter #2</th></tr><tr class="param stripe"><td>Bvtestcategory1</td><td>This is a general medicine category and be available to all.</td></tr></table><p class="totop"><a href="#summary">back to summary</a></p>
<h3 id="m34">med.webtest.MedicareAdminTest#validateAddProduct</h3><table class="result"><tr class="param"><th>Parameter #1</th></tr><tr class="param stripe"><td>{pageNumber=2, productBrand=Bvtest1, fileLocation=bvtestproductimage1.jpg, productName=bvtestproduct1, productCategory=Bvtestcategory1, productDesc=This is a test product which can cure most of the issues., dropdownSelectValue=5, expProductBrand=Bvtest1, expProductQty=1000, productQty=1000, rowNumber=8, expProductPrice=₹ 10, productPrice=₹ 10, expProductName=bvtestproduct1}</td></tr></table><p class="totop"><a href="#summary">back to summary</a></p>
<h3 id="m35">med.webtest.MedicareContactTest#validateContent</h3><table class="result"><tr class="param"><th>Parameter #1</th></tr><tr class="param stripe"><td>This is an contact us page</td></tr></table><p class="totop"><a href="#summary">back to summary</a></p>
<h3 id="m36">med.webtest.MedicareContactTest#validateHeading</h3><table class="result"><tr class="param"><th>Parameter #1</th></tr><tr class="param stripe"><td>Contact Us</td></tr></table><p class="totop"><a href="#summary">back to summary</a></p>
<h3 id="m37">med.webtest.MedicareHomeTest#validateCategoryList</h3><table class="result"><tr class="param"><th>Parameter #1</th></tr><tr class="param stripe"><td>Antibiotics</td></tr></table><p class="totop"><a href="#summary">back to summary</a></p>
<h3 id="m38">med.webtest.MedicareHomeTest#validateCategoryList</h3><table class="result"><tr class="param"><th>Parameter #1</th></tr><tr class="param stripe"><td>Antipyretics</td></tr></table><p class="totop"><a href="#summary">back to summary</a></p>
<h3 id="m39">med.webtest.MedicareHomeTest#validateCategoryList</h3><table class="result"><tr class="param"><th>Parameter #1</th></tr><tr class="param stripe"><td>Paracetamol</td></tr></table><p class="totop"><a href="#summary">back to summary</a></p>
<h3 id="m40">med.webtest.MedicareHomeTest#validateCategoryList</h3><table class="result"><tr class="param"><th>Parameter #1</th></tr><tr class="param stripe"><td>Analgesics</td></tr></table><p class="totop"><a href="#summary">back to summary</a></p>
<h3 id="m41">med.webtest.MedicareHomeTest#validateCategoryList</h3><table class="result"><tr class="param"><th>Parameter #1</th></tr><tr class="param stripe"><td>Danger</td></tr></table><p class="totop"><a href="#summary">back to summary</a></p>
<h3 id="m42">med.webtest.MedicareLoginTest#validateUserLoginFail</h3><table class="result"><tr><th class="invisible"/></tr></table><p class="totop"><a href="#summary">back to summary</a></p>
<h3 id="m43">med.webtest.MedicareLoginTest#validateUserLoginSucess</h3><table class="result"><tr class="param"><th>Parameter #1</th><th>Parameter #2</th><th>Parameter #3</th></tr><tr class="param stripe"><td>kn@gmail.com</td><td>12345</td><td>Kavita Nigam</td></tr></table><p class="totop"><a href="#summary">back to summary</a></p>
<h3 id="m44">med.webtest.MedicareLoginTest#validateUserLoginSucess</h3><table class="result"><tr class="param"><th>Parameter #1</th><th>Parameter #2</th><th>Parameter #3</th></tr><tr class="param stripe"><td>vk@gmail.com</td><td>admin</td><td>Vikas Kashyap</td></tr></table><p class="totop"><a href="#summary">back to summary</a></p>
<h3 id="m45">med.webtest.MedicareSignupTest#validateExistingSupplierLogin</h3><table class="result"><tr><th class="invisible"/></tr></table><p class="totop"><a href="#summary">back to summary</a></p>
<h3 id="m46">med.webtest.MedicareUserCheckoutTest#addProductCart</h3><table class="result"><tr class="param"><th>Parameter #1</th></tr><tr class="param stripe"><td>{dropdownSelectValue=5, pageNumber=1, productBrand=Cipla, productQty=79, rowNumber=4, productName=Aceclofenac, productPrice=₹ 42}</td></tr></table><p class="totop"><a href="#summary">back to summary</a></p>
<h3 id="m47">med.webtest.MedicareUserCheckoutTest#addProductCart</h3><table class="result"><tr class="param"><th>Parameter #1</th></tr><tr class="param stripe"><td>{dropdownSelectValue=5, pageNumber=1, productBrand=Cipla, productQty=49, rowNumber=2, productName=Dolo 650, productPrice=₹ 22}</td></tr></table><p class="totop"><a href="#summary">back to summary</a></p>
<h3 id="m48">med.webtest.MedicareUserCheckoutTest#addProductCart</h3><table class="result"><tr class="param"><th>Parameter #1</th></tr><tr class="param stripe"><td>{dropdownSelectValue=5, pageNumber=1, productBrand=Sun Pharma, productQty=65, rowNumber=5, productName=Amoxicillin, productPrice=₹ 54}</td></tr></table><p class="totop"><a href="#summary">back to summary</a></p>
<h3 id="m49">med.webtest.MedicareUserCheckoutTest#validateOrderPlacedInfo</h3><table class="result"><tr><th class="invisible"/></tr></table><p class="totop"><a href="#summary">back to summary</a></p>
<h3 id="m50">med.webtest.MedicareUserCheckoutTest#validateProductCart</h3><table class="result"><tr class="param"><th>Parameter #1</th></tr><tr class="param stripe"><td>{expProductBrand=Sun Pharma, expTotal=₹ 118.0/-, expCartBdgTot=₹ 118.0, expSubtotal=₹ 54.0 /-, expCartBdgQty=3, rowNumber=3, expProductPrice=₹ 54.0 /-, expProductDesc=A commonly used antibiotic for bacterial infection, expProductName=Amoxicillin}</td></tr></table><p class="totop"><a href="#summary">back to summary</a></p>
<h3 id="m51">med.webtest.MedicareUserCheckoutTest#validateProductCart</h3><table class="result"><tr class="param"><th>Parameter #1</th></tr><tr class="param stripe"><td>{expProductBrand=Cipla, expTotal=₹ 118.0/-, expCartBdgTot=₹ 118.0, expSubtotal=₹ 22.0 /-, expCartBdgQty=3, rowNumber=1, expProductPrice=₹ 22.0 /-, expProductDesc=An antipyretic medicine used for fever, expProductName=Dolo 650}</td></tr></table><p class="totop"><a href="#summary">back to summary</a></p>
<h3 id="m52">med.webtest.MedicareUserCheckoutTest#validateProductCart</h3><table class="result"><tr class="param"><th>Parameter #1</th></tr><tr class="param stripe"><td>{expProductBrand=Cipla, expTotal=₹ 118.0/-, expCartBdgTot=₹ 118.0, expSubtotal=₹ 42.0 /-, expCartBdgQty=3, rowNumber=2, expProductPrice=₹ 42.0 /-, expProductDesc=A muscle relaxant medicine, expProductName=Aceclofenac}</td></tr></table><p class="totop"><a href="#summary">back to summary</a></p>
<h3 id="m53">med.webtest.MedicareUserCheckoutTest#validateProductFinalConf</h3><table class="result"><tr class="param"><th>Parameter #1</th></tr><tr class="param stripe"><td>{expFinalTotal=₹ 118.0/-, expProductQty=1, expPurchasePrice=₹ 42.0/-, rowNumber=2, expGrandtotal=₹ 42.0/-, expProductName=Aceclofenac}</td></tr></table><p class="totop"><a href="#summary">back to summary</a></p>
<h3 id="m54">med.webtest.MedicareUserCheckoutTest#validateProductFinalConf</h3><table class="result"><tr class="param"><th>Parameter #1</th></tr><tr class="param stripe"><td>{expFinalTotal=₹ 118.0/-, expProductQty=1, expPurchasePrice=₹ 22.0/-, rowNumber=1, expGrandtotal=₹ 22.0/-, expProductName=Dolo 650}</td></tr></table><p class="totop"><a href="#summary">back to summary</a></p>
<h3 id="m55">med.webtest.MedicareUserCheckoutTest#validateProductFinalConf</h3><table class="result"><tr class="param"><th>Parameter #1</th></tr><tr class="param stripe"><td>{expFinalTotal=₹ 118.0/-, expProductQty=1, expPurchasePrice=₹ 54.0/-, rowNumber=3, expGrandtotal=₹ 54.0/-, expProductName=Amoxicillin}</td></tr></table><p class="totop"><a href="#summary">back to summary</a></p>
<h3 id="m56">med.webtest.MedicareUserTest#validateCartInformation</h3><table class="result"><tr class="param"><th>Parameter #1</th><th>Parameter #2</th><th>Parameter #3</th><th>Parameter #4</th></tr><tr class="param stripe"><td>0</td><td>₹ 0.0</td><td>Your Cart is Empty</td><td>/medicare/cart/show</td></tr></table><p class="totop"><a href="#summary">back to summary</a></p>
<h3 id="m57">med.webtest.MedicareUserTest#validateCartNumbers</h3><table class="result"><tr class="param"><th>Parameter #1</th></tr><tr class="param stripe"><td>{pageNumber=1, expCartBdgTot=₹ 22.0, expSubtotal=₹ 22.0 /-, productBrand=Cipla, expDelPdtConf=Your Cart is Empty, productName=Dolo 650, dropdownSelectValue=5, expProductBrand=Cipla, expTotal=₹ 22.0/-, pdtCheckoutQty=1, productQty=49, expCartBdgQty=1, rowNumber=2, expProductPrice=₹ 22.0 /-, productPrice=₹ 22, expProductDesc=An antipyretic medicine used for fever, expProductName=Dolo 650}</td></tr></table><p class="totop"><a href="#summary">back to summary</a></p>
<h3 id="m58">med.webtest.MedicareUserTest#validateCartNumbers</h3><table class="result"><tr class="param"><th>Parameter #1</th></tr><tr class="param stripe"><td>{pageNumber=1, expCartBdgTot=₹ 66.0, expSubtotal=₹ 66.0 /-, productBrand=Cipla, expDelPdtConf=Your Cart is Empty, productName=Dolo 650, dropdownSelectValue=5, expProductBrand=Cipla, expTotal=₹ 66.0/-, pdtCheckoutQty=3, productQty=49, expCartBdgQty=1, rowNumber=2, expProductPrice=₹ 22.0 /-, productPrice=₹ 22, expProductDesc=An antipyretic medicine used for fever, expProductName=Dolo 650}</td></tr></table><p class="totop"><a href="#summary">back to summary</a></p>
<h3 id="m59">med.webtest.MedicareViewProductTest#validateViewProductCategory</h3><table class="result"><tr class="param"><th>Parameter #1</th></tr><tr class="param stripe"><td>{dropdownSelectValue=5, pageNumber=1, totalProducts=2, productBrand=Intas, totalPages=1, productQty=20, category=Analgesics, rowNumber=1, productName=Diclofenac, productPrice=30}</td></tr></table><p class="totop"><a href="#summary">back to summary</a></p>
<h3 id="m60">med.webtest.MedicareViewProductTest#validateViewProductCategory</h3><table class="result"><tr class="param"><th>Parameter #1</th></tr><tr class="param stripe"><td>{dropdownSelectValue=5, pageNumber=1, totalProducts=1, productBrand=Cipla, totalPages=1, productQty=50, category=Antipyretics, rowNumber=1, productName=Paracetamol, productPrice=18}</td></tr></table><p class="totop"><a href="#summary">back to summary</a></p>
<h3 id="m61">med.webtest.MedicareViewProductTest#validateViewProductCategory</h3><table class="result"><tr class="param"><th>Parameter #1</th></tr><tr class="param stripe"><td>{dropdownSelectValue=5, pageNumber=1, totalProducts=2, productBrand=Sun Pharma, totalPages=1, productQty=44, category=Antibiotics, rowNumber=2, productName=Ciprofloxacin, productPrice=48}</td></tr></table><p class="totop"><a href="#summary">back to summary</a></p>
<h3 id="m62">med.webtest.MedicareViewProductTest#validateViewProductSearch</h3><table class="result"><tr class="param"><th>Parameter #1</th></tr><tr class="param stripe"><td>{dropdownSelectValue=5, searchText=ac, pageNumber=1, totalProducts=4, productBrand=Cipla, totalPages=1, productQty=50, rowNumber=1, productName=Paracetamol, productPrice=18}</td></tr></table><p class="totop"><a href="#summary">back to summary</a></p>
<h3 id="m63">med.webtest.MedicareViewProductTest#validateViewProductSearch</h3><table class="result"><tr class="param"><th>Parameter #1</th></tr><tr class="param stripe"><td>{dropdownSelectValue=5, searchText=ac, pageNumber=1, totalProducts=4, productBrand=Sun Pharma, totalPages=1, productQty=44, rowNumber=4, productName=Ciprofloxacin, productPrice=48}</td></tr></table><p class="totop"><a href="#summary">back to summary</a></p>
<h3 id="m64">med.webtest.MedicareViewProductTest#validateViewProductSearch</h3><table class="result"><tr class="param"><th>Parameter #1</th></tr><tr class="param stripe"><td>{dropdownSelectValue=5, searchText=ac, pageNumber=1, totalProducts=4, productBrand=Intas, totalPages=1, productQty=20, rowNumber=2, productName=Diclofenac, productPrice=30}</td></tr></table><p class="totop"><a href="#summary">back to summary</a></p>
<h3 id="m65">med.webtest.MedicareViewProductTest#validateViewProductSearch</h3><table class="result"><tr class="param"><th>Parameter #1</th></tr><tr class="param stripe"><td>{dropdownSelectValue=5, searchText=ace, pageNumber=1, totalProducts=2, productBrand=Cipla, totalPages=1, productQty=50, rowNumber=1, productName=Paracetamol, productPrice=18}</td></tr></table><p class="totop"><a href="#summary">back to summary</a></p>
</body>
</html>
