<?xml version="1.0" encoding="UTF-8"?>
<testng-results ignored="0" total="66" passed="36" failed="30" skipped="0">
  <reporter-output>
  </reporter-output>
  <suite started-at="2023-02-05T12:00:18 IST" name="Surefire suite" finished-at="2023-02-05T12:09:52 IST" duration-ms="574389">
    <groups>
      <group name="test-public">
        <method signature="MedicareContactTest.validateContent(java.lang.String)[pri:0, instance:med.webtest.MedicareContactTest@482bce4f]" name="validateContent" class="med.webtest.MedicareContactTest"/>
        <method signature="MedicareContactTest.validateHeading(java.lang.String)[pri:0, instance:med.webtest.MedicareContactTest@482bce4f]" name="validateHeading" class="med.webtest.MedicareContactTest"/>
        <method signature="MedicareHomeTest.validateCategoryCount(java.lang.String)[pri:0, instance:med.webtest.MedicareHomeTest@366647c2]" name="validateCategoryCount" class="med.webtest.MedicareHomeTest"/>
        <method signature="MedicareHomeTest.validateCategoryList(java.lang.String)[pri:0, instance:med.webtest.MedicareHomeTest@366647c2]" name="validateCategoryList" class="med.webtest.MedicareHomeTest"/>
        <method signature="MedicareHomeTest.validateMoreProductsMpCount(java.lang.String,java.lang.String,java.lang.String)[pri:0, instance:med.webtest.MedicareHomeTest@366647c2]" name="validateMoreProductsMpCount" class="med.webtest.MedicareHomeTest"/>
        <method signature="MedicareHomeTest.validateMoreProductsMvCount(java.lang.String,java.lang.String,java.lang.String)[pri:0, instance:med.webtest.MedicareHomeTest@366647c2]" name="validateMoreProductsMvCount" class="med.webtest.MedicareHomeTest"/>
        <method signature="MedicareHomeTest.validateMostPurchasedProductCount(java.lang.String)[pri:0, instance:med.webtest.MedicareHomeTest@366647c2]" name="validateMostPurchasedProductCount" class="med.webtest.MedicareHomeTest"/>
        <method signature="MedicareHomeTest.validateMostViewedProductCount(java.lang.String)[pri:0, instance:med.webtest.MedicareHomeTest@366647c2]" name="validateMostViewedProductCount" class="med.webtest.MedicareHomeTest"/>
        <method signature="MedicareLoginTest.validateUserLoginSucess(java.lang.String,java.lang.String,java.lang.String)[pri:0, instance:med.webtest.MedicareLoginTest@6a6afff2]" name="validateUserLoginSucess" class="med.webtest.MedicareLoginTest"/>
        <method signature="MedicareSignupTest.validateExistingSupplierLogin()[pri:0, instance:med.webtest.MedicareSignupTest@1649b0e6]" name="validateExistingSupplierLogin" class="med.webtest.MedicareSignupTest"/>
        <method signature="MedicareSignupTest.validateExistingUserLogin()[pri:0, instance:med.webtest.MedicareSignupTest@1649b0e6]" name="validateExistingUserLogin" class="med.webtest.MedicareSignupTest"/>
        <method signature="MedicareSignupTest.validateSignupNewUser(java.util.HashMap)[pri:0, instance:med.webtest.MedicareSignupTest@1649b0e6]" name="validateSignupNewUser" class="med.webtest.MedicareSignupTest"/>
        <method signature="MedicareViewProductTest.validateViewProductCategory(java.util.HashMap)[pri:0, instance:med.webtest.MedicareViewProductTest@3972a855]" name="validateViewProductCategory" class="med.webtest.MedicareViewProductTest"/>
        <method signature="MedicareViewProductTest.validateViewProductList(java.util.HashMap)[pri:0, instance:med.webtest.MedicareViewProductTest@3972a855]" name="validateViewProductList" class="med.webtest.MedicareViewProductTest"/>
        <method signature="MedicareViewProductTest.validateViewProductSearch(java.util.HashMap)[pri:0, instance:med.webtest.MedicareViewProductTest@3972a855]" name="validateViewProductSearch" class="med.webtest.MedicareViewProductTest"/>
        <method signature="MedicareViewProductTest.validateViewProductSort(java.util.HashMap)[pri:0, instance:med.webtest.MedicareViewProductTest@3972a855]" name="validateViewProductSort" class="med.webtest.MedicareViewProductTest"/>
        <method signature="MedicareAboutTest.validateContent(java.lang.String)[pri:0, instance:med.webtest.MedicareAboutTest@e1de817]" name="validateContent" class="med.webtest.MedicareAboutTest"/>
        <method signature="MedicareAboutTest.validateHeading(java.lang.String)[pri:0, instance:med.webtest.MedicareAboutTest@e1de817]" name="validateHeading" class="med.webtest.MedicareAboutTest"/>
      </group> <!-- test-public -->
      <group name="test-admin">
        <method signature="MedicareAdminTest.validateAddCategory(java.lang.String,java.lang.String)[pri:0, instance:med.webtest.MedicareAdminTest@55b53d44]" name="validateAddCategory" class="med.webtest.MedicareAdminTest"/>
        <method signature="MedicareAdminTest.validateAddProduct(java.util.HashMap)[pri:0, instance:med.webtest.MedicareAdminTest@55b53d44]" name="validateAddProduct" class="med.webtest.MedicareAdminTest"/>
        <method signature="MedicareAdminTest.validateEditProduct(java.util.HashMap)[pri:0, instance:med.webtest.MedicareAdminTest@55b53d44]" name="validateEditProduct" class="med.webtest.MedicareAdminTest"/>
      </group> <!-- test-admin -->
      <group name="test-user">
        <method signature="MedicareUserCheckoutTest.addProductCart(java.util.HashMap)[pri:0, instance:med.webtest.MedicareUserCheckoutTest@865dd6]" name="addProductCart" class="med.webtest.MedicareUserCheckoutTest"/>
        <method signature="MedicareUserTest.validateCartInformation(java.lang.String,java.lang.String,java.lang.String,java.lang.String)[pri:0, instance:med.webtest.MedicareUserTest@4da4253]" name="validateCartInformation" class="med.webtest.MedicareUserTest"/>
        <method signature="MedicareUserTest.validateCartNumbers(java.util.HashMap)[pri:0, instance:med.webtest.MedicareUserTest@4da4253]" name="validateCartNumbers" class="med.webtest.MedicareUserTest"/>
        <method signature="MedicareUserTest.validateProductDetail(java.util.HashMap)[pri:0, instance:med.webtest.MedicareUserTest@4da4253]" name="validateProductDetail" class="med.webtest.MedicareUserTest"/>
        <method signature="MedicareUserCheckoutTest.removeProductCart()[pri:1, instance:med.webtest.MedicareUserCheckoutTest@865dd6]" name="removeProductCart" class="med.webtest.MedicareUserCheckoutTest"/>
        <method signature="MedicareUserCheckoutTest.validateProductCart(java.util.HashMap)[pri:2, instance:med.webtest.MedicareUserCheckoutTest@865dd6]" name="validateProductCart" class="med.webtest.MedicareUserCheckoutTest"/>
        <method signature="MedicareUserCheckoutTest.validateProductFinalConf(java.util.HashMap)[pri:3, instance:med.webtest.MedicareUserCheckoutTest@865dd6]" name="validateProductFinalConf" class="med.webtest.MedicareUserCheckoutTest"/>
        <method signature="MedicareUserCheckoutTest.validateOrderPlacedInfo()[pri:4, instance:med.webtest.MedicareUserCheckoutTest@865dd6]" name="validateOrderPlacedInfo" class="med.webtest.MedicareUserCheckoutTest"/>
      </group> <!-- test-user -->
    </groups>
    <test started-at="2023-02-05T12:00:18 IST" name="Surefire test" finished-at="2023-02-05T12:09:52 IST" duration-ms="574389">
      <class name="med.webtest.MedicareUserTest">
        <test-method is-config="true" signature="beforeMedicareUserMethod()[pri:0, instance:med.webtest.MedicareUserTest@4da4253]" started-at="2023-02-05T12:07:56 IST" name="beforeMedicareUserMethod" finished-at="2023-02-05T12:08:01 IST" duration-ms="5357" status="PASS">
          <reporter-output>
          </reporter-output>
        </test-method> <!-- beforeMedicareUserMethod -->
        <test-method signature="validateCartInformation(java.lang.String,java.lang.String,java.lang.String,java.lang.String)[pri:0, instance:med.webtest.MedicareUserTest@4da4253]" started-at="2023-02-05T12:08:01 IST" name="validateCartInformation" data-provider="user-cartinfo" finished-at="2023-02-05T12:08:14 IST" duration-ms="13244" status="PASS">
          <params>
            <param index="0">
              <value>
                <![CDATA[0]]>
              </value>
            </param>
            <param index="1">
              <value>
                <![CDATA[? 0.0]]>
              </value>
            </param>
            <param index="2">
              <value>
                <![CDATA[Your Cart is Empty]]>
              </value>
            </param>
            <param index="3">
              <value>
                <![CDATA[/medicare/cart/show]]>
              </value>
            </param>
          </params>
          <reporter-output>
          </reporter-output>
        </test-method> <!-- validateCartInformation -->
        <test-method is-config="true" signature="afterMedicareUserMethod()[pri:0, instance:med.webtest.MedicareUserTest@4da4253]" started-at="2023-02-05T12:08:14 IST" name="afterMedicareUserMethod" finished-at="2023-02-05T12:08:15 IST" duration-ms="661" status="PASS">
          <reporter-output>
          </reporter-output>
        </test-method> <!-- afterMedicareUserMethod -->
        <test-method is-config="true" signature="beforeMedicareUserMethod()[pri:0, instance:med.webtest.MedicareUserTest@4da4253]" started-at="2023-02-05T12:08:15 IST" name="beforeMedicareUserMethod" finished-at="2023-02-05T12:08:20 IST" duration-ms="5118" status="PASS">
          <reporter-output>
          </reporter-output>
        </test-method> <!-- beforeMedicareUserMethod -->
        <test-method signature="validateCartNumbers(java.util.HashMap)[pri:0, instance:med.webtest.MedicareUserTest@4da4253]" started-at="2023-02-05T12:08:20 IST" name="validateCartNumbers" data-provider="user-cartammount" finished-at="2023-02-05T12:08:33 IST" duration-ms="12546" status="PASS">
          <params>
            <param index="0">
              <value>
                <![CDATA[{pageNumber=1, expCartBdgTot=? 22.0, expSubtotal=? 22.0 /-, productBrand=Cipla, expDelPdtConf=Your Cart is Empty, productName=Dolo 650, dropdownSelectValue=5, expProductBrand=Cipla, expTotal=? 22.0/-, pdtCheckoutQty=1, productQty=49, expCartBdgQty=1, rowNumber=2, expProductPrice=? 22.0 /-, productPrice=? 22, expProductDesc=An antipyretic medicine used for fever, expProductName=Dolo 650}]]>
              </value>
            </param>
          </params>
          <reporter-output>
          </reporter-output>
        </test-method> <!-- validateCartNumbers -->
        <test-method is-config="true" signature="afterMedicareUserMethod()[pri:0, instance:med.webtest.MedicareUserTest@4da4253]" started-at="2023-02-05T12:08:33 IST" name="afterMedicareUserMethod" finished-at="2023-02-05T12:08:35 IST" duration-ms="2170" status="PASS">
          <reporter-output>
          </reporter-output>
        </test-method> <!-- afterMedicareUserMethod -->
        <test-method is-config="true" signature="beforeMedicareUserMethod()[pri:0, instance:med.webtest.MedicareUserTest@4da4253]" started-at="2023-02-05T12:08:35 IST" name="beforeMedicareUserMethod" finished-at="2023-02-05T12:08:40 IST" duration-ms="5212" status="PASS">
          <reporter-output>
          </reporter-output>
        </test-method> <!-- beforeMedicareUserMethod -->
        <test-method signature="validateCartNumbers(java.util.HashMap)[pri:0, instance:med.webtest.MedicareUserTest@4da4253]" started-at="2023-02-05T12:08:40 IST" name="validateCartNumbers" data-provider="user-cartammount" finished-at="2023-02-05T12:08:54 IST" duration-ms="13570" status="PASS">
          <params>
            <param index="0">
              <value>
                <![CDATA[{pageNumber=1, expCartBdgTot=? 66.0, expSubtotal=? 66.0 /-, productBrand=Cipla, expDelPdtConf=Your Cart is Empty, productName=Dolo 650, dropdownSelectValue=5, expProductBrand=Cipla, expTotal=? 66.0/-, pdtCheckoutQty=3, productQty=49, expCartBdgQty=1, rowNumber=2, expProductPrice=? 22.0 /-, productPrice=? 22, expProductDesc=An antipyretic medicine used for fever, expProductName=Dolo 650}]]>
              </value>
            </param>
          </params>
          <reporter-output>
          </reporter-output>
        </test-method> <!-- validateCartNumbers -->
        <test-method is-config="true" signature="afterMedicareUserMethod()[pri:0, instance:med.webtest.MedicareUserTest@4da4253]" started-at="2023-02-05T12:08:54 IST" name="afterMedicareUserMethod" finished-at="2023-02-05T12:08:56 IST" duration-ms="2135" status="PASS">
          <reporter-output>
          </reporter-output>
        </test-method> <!-- afterMedicareUserMethod -->
        <test-method is-config="true" signature="beforeMedicareUserMethod()[pri:0, instance:med.webtest.MedicareUserTest@4da4253]" started-at="2023-02-05T12:08:56 IST" name="beforeMedicareUserMethod" finished-at="2023-02-05T12:09:01 IST" duration-ms="5186" status="PASS">
          <reporter-output>
          </reporter-output>
        </test-method> <!-- beforeMedicareUserMethod -->
        <test-method signature="validateProductDetail(java.util.HashMap)[pri:0, instance:med.webtest.MedicareUserTest@4da4253]" started-at="2023-02-05T12:09:01 IST" name="validateProductDetail" data-provider="user-productdetail" finished-at="2023-02-05T12:09:06 IST" duration-ms="4426" status="FAIL">
          <params>
            <param index="0">
              <value>
                <![CDATA[{dropdownSelectValue=5, pageNumber=1, productBrand=Cipla, productQty=50, rowNumber=2, expProductPrice=? 22.0 /-, productName=Dolo 650, productPrice=? 22, expProductDesc=An antipyretic medicine used for fever}]]>
              </value>
            </param>
          </params>
          <exception class="java.lang.AssertionError">
            <message>
              <![CDATA[expected [true] but found [false]]]>
            </message>
            <full-stacktrace>
              <![CDATA[java.lang.AssertionError: expected [true] but found [false]
at org.testng.Assert.fail(Assert.java:110)
at org.testng.Assert.failNotEquals(Assert.java:1413)
at org.testng.Assert.assertTrue(Assert.java:56)
at org.testng.Assert.assertTrue(Assert.java:66)
at med.webpages.MedicareUserPage.validateUserProductDetail(MedicareUserPage.java:91)
at med.webtest.MedicareUserTest.validateProductDetail(MedicareUserTest.java:57)
at java.base/jdk.internal.reflect.NativeMethodAccessorImpl.invoke0(Native Method)
at java.base/jdk.internal.reflect.NativeMethodAccessorImpl.invoke(NativeMethodAccessorImpl.java:78)
at java.base/jdk.internal.reflect.DelegatingMethodAccessorImpl.invoke(DelegatingMethodAccessorImpl.java:43)
at java.base/java.lang.reflect.Method.invoke(Method.java:567)
at org.testng.internal.invokers.MethodInvocationHelper.invokeMethod(MethodInvocationHelper.java:139)
at org.testng.internal.invokers.TestInvoker.invokeMethod(TestInvoker.java:677)
at org.testng.internal.invokers.TestInvoker.invokeTestMethod(TestInvoker.java:221)
at org.testng.internal.invokers.MethodRunner.runInSequence(MethodRunner.java:50)
at org.testng.internal.invokers.TestInvoker$MethodInvocationAgent.invoke(TestInvoker.java:962)
at org.testng.internal.invokers.TestInvoker.invokeTestMethods(TestInvoker.java:194)
at org.testng.internal.invokers.TestMethodWorker.invokeTestMethods(TestMethodWorker.java:148)
at org.testng.internal.invokers.TestMethodWorker.run(TestMethodWorker.java:128)
at java.base/java.util.ArrayList.forEach(ArrayList.java:1511)
at org.testng.TestRunner.privateRun(TestRunner.java:806)
at org.testng.TestRunner.run(TestRunner.java:601)
at org.testng.SuiteRunner.runTest(SuiteRunner.java:433)
at org.testng.SuiteRunner.runSequentially(SuiteRunner.java:427)
at org.testng.SuiteRunner.privateRun(SuiteRunner.java:387)
at org.testng.SuiteRunner.run(SuiteRunner.java:330)
at org.testng.SuiteRunnerWorker.runSuite(SuiteRunnerWorker.java:52)
at org.testng.SuiteRunnerWorker.run(SuiteRunnerWorker.java:95)
at org.testng.TestNG.runSuitesSequentially(TestNG.java:1256)
at org.testng.TestNG.runSuitesLocally(TestNG.java:1176)
at org.testng.TestNG.runSuites(TestNG.java:1099)
at org.testng.TestNG.run(TestNG.java:1067)
at org.apache.maven.surefire.testng.TestNGExecutor.run(TestNGExecutor.java:135)
at org.apache.maven.surefire.testng.TestNGDirectoryTestSuite.executeMulti(TestNGDirectoryTestSuite.java:193)
at org.apache.maven.surefire.testng.TestNGDirectoryTestSuite.execute(TestNGDirectoryTestSuite.java:94)
at org.apache.maven.surefire.testng.TestNGProvider.invoke(TestNGProvider.java:146)
at org.apache.maven.surefire.booter.ForkedBooter.invokeProviderInSameClassLoader(ForkedBooter.java:384)
at org.apache.maven.surefire.booter.ForkedBooter.runSuitesInProcess(ForkedBooter.java:345)
at org.apache.maven.surefire.booter.ForkedBooter.execute(ForkedBooter.java:126)
at org.apache.maven.surefire.booter.ForkedBooter.main(ForkedBooter.java:418)
]]>
            </full-stacktrace>
          </exception> <!-- java.lang.AssertionError -->
          <reporter-output>
          </reporter-output>
        </test-method> <!-- validateProductDetail -->
        <test-method is-config="true" signature="afterMedicareUserMethod()[pri:0, instance:med.webtest.MedicareUserTest@4da4253]" started-at="2023-02-05T12:09:06 IST" name="afterMedicareUserMethod" finished-at="2023-02-05T12:09:07 IST" duration-ms="1358" status="PASS">
          <reporter-output>
          </reporter-output>
        </test-method> <!-- afterMedicareUserMethod -->
        <test-method is-config="true" signature="beforeMedicareUserMethod()[pri:0, instance:med.webtest.MedicareUserTest@4da4253]" started-at="2023-02-05T12:09:07 IST" name="beforeMedicareUserMethod" finished-at="2023-02-05T12:09:13 IST" duration-ms="5650" status="PASS">
          <reporter-output>
          </reporter-output>
        </test-method> <!-- beforeMedicareUserMethod -->
        <test-method signature="validateProductDetail(java.util.HashMap)[pri:0, instance:med.webtest.MedicareUserTest@4da4253]" started-at="2023-02-05T12:09:13 IST" name="validateProductDetail" data-provider="user-productdetail" finished-at="2023-02-05T12:09:16 IST" duration-ms="3618" status="FAIL">
          <params>
            <param index="0">
              <value>
                <![CDATA[{dropdownSelectValue=5, pageNumber=1, productBrand=Cipla, productQty=80, rowNumber=4, expProductPrice=? 42.0 /-, productName=Aceclofenac, productPrice=? 42, expProductDesc=A muscle relaxant medicine}]]>
              </value>
            </param>
          </params>
          <exception class="java.lang.AssertionError">
            <message>
              <![CDATA[expected [true] but found [false]]]>
            </message>
            <full-stacktrace>
              <![CDATA[java.lang.AssertionError: expected [true] but found [false]
at org.testng.Assert.fail(Assert.java:110)
at org.testng.Assert.failNotEquals(Assert.java:1413)
at org.testng.Assert.assertTrue(Assert.java:56)
at org.testng.Assert.assertTrue(Assert.java:66)
at med.webpages.MedicareUserPage.validateUserProductDetail(MedicareUserPage.java:91)
at med.webtest.MedicareUserTest.validateProductDetail(MedicareUserTest.java:57)
at java.base/jdk.internal.reflect.NativeMethodAccessorImpl.invoke0(Native Method)
at java.base/jdk.internal.reflect.NativeMethodAccessorImpl.invoke(NativeMethodAccessorImpl.java:78)
at java.base/jdk.internal.reflect.DelegatingMethodAccessorImpl.invoke(DelegatingMethodAccessorImpl.java:43)
at java.base/java.lang.reflect.Method.invoke(Method.java:567)
at org.testng.internal.invokers.MethodInvocationHelper.invokeMethod(MethodInvocationHelper.java:139)
at org.testng.internal.invokers.TestInvoker.invokeMethod(TestInvoker.java:677)
at org.testng.internal.invokers.TestInvoker.invokeTestMethod(TestInvoker.java:221)
at org.testng.internal.invokers.MethodRunner.runInSequence(MethodRunner.java:50)
at org.testng.internal.invokers.TestInvoker$MethodInvocationAgent.invoke(TestInvoker.java:962)
at org.testng.internal.invokers.TestInvoker.invokeTestMethods(TestInvoker.java:194)
at org.testng.internal.invokers.TestMethodWorker.invokeTestMethods(TestMethodWorker.java:148)
at org.testng.internal.invokers.TestMethodWorker.run(TestMethodWorker.java:128)
at java.base/java.util.ArrayList.forEach(ArrayList.java:1511)
at org.testng.TestRunner.privateRun(TestRunner.java:806)
at org.testng.TestRunner.run(TestRunner.java:601)
at org.testng.SuiteRunner.runTest(SuiteRunner.java:433)
at org.testng.SuiteRunner.runSequentially(SuiteRunner.java:427)
at org.testng.SuiteRunner.privateRun(SuiteRunner.java:387)
at org.testng.SuiteRunner.run(SuiteRunner.java:330)
at org.testng.SuiteRunnerWorker.runSuite(SuiteRunnerWorker.java:52)
at org.testng.SuiteRunnerWorker.run(SuiteRunnerWorker.java:95)
at org.testng.TestNG.runSuitesSequentially(TestNG.java:1256)
at org.testng.TestNG.runSuitesLocally(TestNG.java:1176)
at org.testng.TestNG.runSuites(TestNG.java:1099)
at org.testng.TestNG.run(TestNG.java:1067)
at org.apache.maven.surefire.testng.TestNGExecutor.run(TestNGExecutor.java:135)
at org.apache.maven.surefire.testng.TestNGDirectoryTestSuite.executeMulti(TestNGDirectoryTestSuite.java:193)
at org.apache.maven.surefire.testng.TestNGDirectoryTestSuite.execute(TestNGDirectoryTestSuite.java:94)
at org.apache.maven.surefire.testng.TestNGProvider.invoke(TestNGProvider.java:146)
at org.apache.maven.surefire.booter.ForkedBooter.invokeProviderInSameClassLoader(ForkedBooter.java:384)
at org.apache.maven.surefire.booter.ForkedBooter.runSuitesInProcess(ForkedBooter.java:345)
at org.apache.maven.surefire.booter.ForkedBooter.execute(ForkedBooter.java:126)
at org.apache.maven.surefire.booter.ForkedBooter.main(ForkedBooter.java:418)
]]>
            </full-stacktrace>
          </exception> <!-- java.lang.AssertionError -->
          <reporter-output>
          </reporter-output>
        </test-method> <!-- validateProductDetail -->
        <test-method is-config="true" signature="afterMedicareUserMethod()[pri:0, instance:med.webtest.MedicareUserTest@4da4253]" started-at="2023-02-05T12:09:16 IST" name="afterMedicareUserMethod" finished-at="2023-02-05T12:09:18 IST" duration-ms="1507" status="PASS">
          <reporter-output>
          </reporter-output>
        </test-method> <!-- afterMedicareUserMethod -->
      </class> <!-- med.webtest.MedicareUserTest -->
      <class name="med.webtest.MedicareAboutTest">
        <test-method is-config="true" signature="beforeAboutMethod()[pri:0, instance:med.webtest.MedicareAboutTest@e1de817]" started-at="2023-02-05T12:00:18 IST" name="beforeAboutMethod" finished-at="2023-02-05T12:00:41 IST" duration-ms="22751" status="PASS">
          <reporter-output>
          </reporter-output>
        </test-method> <!-- beforeAboutMethod -->
        <test-method signature="validateContent(java.lang.String)[pri:0, instance:med.webtest.MedicareAboutTest@e1de817]" started-at="2023-02-05T12:00:42 IST" name="validateContent" data-provider="about-paragraph" finished-at="2023-02-05T12:00:42 IST" duration-ms="40" status="PASS">
          <params>
            <param index="0">
              <value>
                <![CDATA[This is an about us page]]>
              </value>
            </param>
          </params>
          <reporter-output>
          </reporter-output>
        </test-method> <!-- validateContent -->
        <test-method signature="validateHeading(java.lang.String)[pri:0, instance:med.webtest.MedicareAboutTest@e1de817]" started-at="2023-02-05T12:00:42 IST" name="validateHeading" data-provider="about-heading" finished-at="2023-02-05T12:00:42 IST" duration-ms="35" status="PASS">
          <params>
            <param index="0">
              <value>
                <![CDATA[About Us]]>
              </value>
            </param>
          </params>
          <reporter-output>
          </reporter-output>
        </test-method> <!-- validateHeading -->
        <test-method is-config="true" signature="afterAboutMethod()[pri:0, instance:med.webtest.MedicareAboutTest@e1de817]" started-at="2023-02-05T12:00:42 IST" name="afterAboutMethod" finished-at="2023-02-05T12:00:42 IST" duration-ms="250" status="PASS">
          <reporter-output>
          </reporter-output>
        </test-method> <!-- afterAboutMethod -->
      </class> <!-- med.webtest.MedicareAboutTest -->
      <class name="med.webtest.MedicareLoginTest">
        <test-method is-config="true" signature="beforeMedicareLoginMethod()[pri:0, instance:med.webtest.MedicareLoginTest@6a6afff2]" started-at="2023-02-05T12:03:16 IST" name="beforeMedicareLoginMethod" finished-at="2023-02-05T12:03:21 IST" duration-ms="4637" status="PASS">
          <reporter-output>
          </reporter-output>
        </test-method> <!-- beforeMedicareLoginMethod -->
        <test-method signature="validateUserLoginFail()[pri:0, instance:med.webtest.MedicareLoginTest@6a6afff2]" started-at="2023-02-05T12:03:21 IST" name="validateUserLoginFail" finished-at="2023-02-05T12:03:26 IST" duration-ms="5035" status="PASS">
          <reporter-output>
          </reporter-output>
        </test-method> <!-- validateUserLoginFail -->
        <test-method is-config="true" signature="afterMedicareLoginMethod()[pri:0, instance:med.webtest.MedicareLoginTest@6a6afff2]" started-at="2023-02-05T12:03:26 IST" name="afterMedicareLoginMethod" finished-at="2023-02-05T12:03:26 IST" duration-ms="317" status="PASS">
          <reporter-output>
          </reporter-output>
        </test-method> <!-- afterMedicareLoginMethod -->
        <test-method is-config="true" signature="beforeMedicareLoginMethod()[pri:0, instance:med.webtest.MedicareLoginTest@6a6afff2]" started-at="2023-02-05T12:03:26 IST" name="beforeMedicareLoginMethod" finished-at="2023-02-05T12:03:31 IST" duration-ms="4575" status="PASS">
          <reporter-output>
          </reporter-output>
        </test-method> <!-- beforeMedicareLoginMethod -->
        <test-method signature="validateUserLoginSucess(java.lang.String,java.lang.String,java.lang.String)[pri:0, instance:med.webtest.MedicareLoginTest@6a6afff2]" started-at="2023-02-05T12:03:31 IST" name="validateUserLoginSucess" data-provider="medicare-loginsucess" finished-at="2023-02-05T12:03:33 IST" duration-ms="2766" status="PASS">
          <params>
            <param index="0">
              <value>
                <![CDATA[kn@gmail.com]]>
              </value>
            </param>
            <param index="1">
              <value>
                <![CDATA[12345]]>
              </value>
            </param>
            <param index="2">
              <value>
                <![CDATA[Kavita Nigam]]>
              </value>
            </param>
          </params>
          <reporter-output>
          </reporter-output>
        </test-method> <!-- validateUserLoginSucess -->
        <test-method is-config="true" signature="afterMedicareLoginMethod()[pri:0, instance:med.webtest.MedicareLoginTest@6a6afff2]" started-at="2023-02-05T12:03:33 IST" name="afterMedicareLoginMethod" finished-at="2023-02-05T12:03:34 IST" duration-ms="177" status="PASS">
          <reporter-output>
          </reporter-output>
        </test-method> <!-- afterMedicareLoginMethod -->
        <test-method is-config="true" signature="beforeMedicareLoginMethod()[pri:0, instance:med.webtest.MedicareLoginTest@6a6afff2]" started-at="2023-02-05T12:03:34 IST" name="beforeMedicareLoginMethod" finished-at="2023-02-05T12:03:38 IST" duration-ms="4436" status="PASS">
          <reporter-output>
          </reporter-output>
        </test-method> <!-- beforeMedicareLoginMethod -->
        <test-method signature="validateUserLoginSucess(java.lang.String,java.lang.String,java.lang.String)[pri:0, instance:med.webtest.MedicareLoginTest@6a6afff2]" started-at="2023-02-05T12:03:38 IST" name="validateUserLoginSucess" data-provider="medicare-loginsucess" finished-at="2023-02-05T12:03:40 IST" duration-ms="2263" status="PASS">
          <params>
            <param index="0">
              <value>
                <![CDATA[vk@gmail.com]]>
              </value>
            </param>
            <param index="1">
              <value>
                <![CDATA[admin]]>
              </value>
            </param>
            <param index="2">
              <value>
                <![CDATA[Vikas Kashyap]]>
              </value>
            </param>
          </params>
          <reporter-output>
          </reporter-output>
        </test-method> <!-- validateUserLoginSucess -->
        <test-method is-config="true" signature="afterMedicareLoginMethod()[pri:0, instance:med.webtest.MedicareLoginTest@6a6afff2]" started-at="2023-02-05T12:03:40 IST" name="afterMedicareLoginMethod" finished-at="2023-02-05T12:03:40 IST" duration-ms="174" status="PASS">
          <reporter-output>
          </reporter-output>
        </test-method> <!-- afterMedicareLoginMethod -->
      </class> <!-- med.webtest.MedicareLoginTest -->
      <class name="med.webtest.MedicareHomeTest">
        <test-method is-config="true" signature="beforeMedicareHomeMethod()[pri:0, instance:med.webtest.MedicareHomeTest@366647c2]" started-at="2023-02-05T12:02:14 IST" name="beforeMedicareHomeMethod" finished-at="2023-02-05T12:02:21 IST" duration-ms="6804" status="PASS">
          <reporter-output>
          </reporter-output>
        </test-method> <!-- beforeMedicareHomeMethod -->
        <test-method signature="validateCategoryCount(java.lang.String)[pri:0, instance:med.webtest.MedicareHomeTest@366647c2]" started-at="2023-02-05T12:02:21 IST" name="validateCategoryCount" data-provider="medicare-categorycount" finished-at="2023-02-05T12:02:21 IST" duration-ms="34" status="FAIL">
          <params>
            <param index="0">
              <value>
                <![CDATA[22]]>
              </value>
            </param>
          </params>
          <exception class="java.lang.AssertionError">
            <message>
              <![CDATA[expected [22] but found [24]]]>
            </message>
            <full-stacktrace>
              <![CDATA[java.lang.AssertionError: expected [22] but found [24]
at org.testng.Assert.fail(Assert.java:110)
at org.testng.Assert.failNotEquals(Assert.java:1413)
at org.testng.Assert.assertEqualsImpl(Assert.java:149)
at org.testng.Assert.assertEquals(Assert.java:131)
at org.testng.Assert.assertEquals(Assert.java:1240)
at org.testng.Assert.assertEquals(Assert.java:1274)
at med.webpages.MedicareHomePage.validateCategoryCount(MedicareHomePage.java:69)
at med.webtest.MedicareHomeTest.validateCategoryCount(MedicareHomeTest.java:56)
at java.base/jdk.internal.reflect.NativeMethodAccessorImpl.invoke0(Native Method)
at java.base/jdk.internal.reflect.NativeMethodAccessorImpl.invoke(NativeMethodAccessorImpl.java:78)
at java.base/jdk.internal.reflect.DelegatingMethodAccessorImpl.invoke(DelegatingMethodAccessorImpl.java:43)
at java.base/java.lang.reflect.Method.invoke(Method.java:567)
at org.testng.internal.invokers.MethodInvocationHelper.invokeMethod(MethodInvocationHelper.java:139)
at org.testng.internal.invokers.TestInvoker.invokeMethod(TestInvoker.java:677)
at org.testng.internal.invokers.TestInvoker.invokeTestMethod(TestInvoker.java:221)
at org.testng.internal.invokers.MethodRunner.runInSequence(MethodRunner.java:50)
at org.testng.internal.invokers.TestInvoker$MethodInvocationAgent.invoke(TestInvoker.java:962)
at org.testng.internal.invokers.TestInvoker.invokeTestMethods(TestInvoker.java:194)
at org.testng.internal.invokers.TestMethodWorker.invokeTestMethods(TestMethodWorker.java:148)
at org.testng.internal.invokers.TestMethodWorker.run(TestMethodWorker.java:128)
at java.base/java.util.ArrayList.forEach(ArrayList.java:1511)
at org.testng.TestRunner.privateRun(TestRunner.java:806)
at org.testng.TestRunner.run(TestRunner.java:601)
at org.testng.SuiteRunner.runTest(SuiteRunner.java:433)
at org.testng.SuiteRunner.runSequentially(SuiteRunner.java:427)
at org.testng.SuiteRunner.privateRun(SuiteRunner.java:387)
at org.testng.SuiteRunner.run(SuiteRunner.java:330)
at org.testng.SuiteRunnerWorker.runSuite(SuiteRunnerWorker.java:52)
at org.testng.SuiteRunnerWorker.run(SuiteRunnerWorker.java:95)
at org.testng.TestNG.runSuitesSequentially(TestNG.java:1256)
at org.testng.TestNG.runSuitesLocally(TestNG.java:1176)
at org.testng.TestNG.runSuites(TestNG.java:1099)
at org.testng.TestNG.run(TestNG.java:1067)
at org.apache.maven.surefire.testng.TestNGExecutor.run(TestNGExecutor.java:135)
at org.apache.maven.surefire.testng.TestNGDirectoryTestSuite.executeMulti(TestNGDirectoryTestSuite.java:193)
at org.apache.maven.surefire.testng.TestNGDirectoryTestSuite.execute(TestNGDirectoryTestSuite.java:94)
at org.apache.maven.surefire.testng.TestNGProvider.invoke(TestNGProvider.java:146)
at org.apache.maven.surefire.booter.ForkedBooter.invokeProviderInSameClassLoader(ForkedBooter.java:384)
at org.apache.maven.surefire.booter.ForkedBooter.runSuitesInProcess(ForkedBooter.java:345)
at org.apache.maven.surefire.booter.ForkedBooter.execute(ForkedBooter.java:126)
at org.apache.maven.surefire.booter.ForkedBooter.main(ForkedBooter.java:418)
]]>
            </full-stacktrace>
          </exception> <!-- java.lang.AssertionError -->
          <reporter-output>
          </reporter-output>
        </test-method> <!-- validateCategoryCount -->
        <test-method signature="validateCategoryList(java.lang.String)[pri:0, instance:med.webtest.MedicareHomeTest@366647c2]" started-at="2023-02-05T12:02:21 IST" name="validateCategoryList" data-provider="medicare-categorylist" finished-at="2023-02-05T12:02:21 IST" duration-ms="34" status="PASS">
          <params>
            <param index="0">
              <value>
                <![CDATA[Antipyretics]]>
              </value>
            </param>
          </params>
          <reporter-output>
          </reporter-output>
        </test-method> <!-- validateCategoryList -->
        <test-method signature="validateCategoryList(java.lang.String)[pri:0, instance:med.webtest.MedicareHomeTest@366647c2]" started-at="2023-02-05T12:02:21 IST" name="validateCategoryList" data-provider="medicare-categorylist" finished-at="2023-02-05T12:02:21 IST" duration-ms="31" status="PASS">
          <params>
            <param index="0">
              <value>
                <![CDATA[Analgesics]]>
              </value>
            </param>
          </params>
          <reporter-output>
          </reporter-output>
        </test-method> <!-- validateCategoryList -->
        <test-method signature="validateCategoryList(java.lang.String)[pri:0, instance:med.webtest.MedicareHomeTest@366647c2]" started-at="2023-02-05T12:02:21 IST" name="validateCategoryList" data-provider="medicare-categorylist" finished-at="2023-02-05T12:02:21 IST" duration-ms="36" status="PASS">
          <params>
            <param index="0">
              <value>
                <![CDATA[Antibiotics]]>
              </value>
            </param>
          </params>
          <reporter-output>
          </reporter-output>
        </test-method> <!-- validateCategoryList -->
        <test-method signature="validateCategoryList(java.lang.String)[pri:0, instance:med.webtest.MedicareHomeTest@366647c2]" started-at="2023-02-05T12:02:21 IST" name="validateCategoryList" data-provider="medicare-categorylist" finished-at="2023-02-05T12:02:21 IST" duration-ms="30" status="PASS">
          <params>
            <param index="0">
              <value>
                <![CDATA[Paracetamol]]>
              </value>
            </param>
          </params>
          <reporter-output>
          </reporter-output>
        </test-method> <!-- validateCategoryList -->
        <test-method signature="validateCategoryList(java.lang.String)[pri:0, instance:med.webtest.MedicareHomeTest@366647c2]" started-at="2023-02-05T12:02:21 IST" name="validateCategoryList" data-provider="medicare-categorylist" finished-at="2023-02-05T12:02:21 IST" duration-ms="36" status="PASS">
          <params>
            <param index="0">
              <value>
                <![CDATA[Danger]]>
              </value>
            </param>
          </params>
          <reporter-output>
          </reporter-output>
        </test-method> <!-- validateCategoryList -->
        <test-method signature="validateMoreProductsMpCount(java.lang.String,java.lang.String,java.lang.String)[pri:0, instance:med.webtest.MedicareHomeTest@366647c2]" started-at="2023-02-05T12:02:21 IST" name="validateMoreProductsMpCount" data-provider="medicare-products-Moreproductscount" finished-at="2023-02-05T12:02:24 IST" duration-ms="3529" status="FAIL">
          <params>
            <param index="0">
              <value>
                <![CDATA[show/all/products]]>
              </value>
            </param>
            <param index="1">
              <value>
                <![CDATA[Medicare - All Products]]>
              </value>
            </param>
            <param index="2">
              <value>
                <![CDATA[8 entries]]>
              </value>
            </param>
          </params>
          <exception class="java.lang.AssertionError">
            <message>
              <![CDATA[expected [true] but found [false]]]>
            </message>
            <full-stacktrace>
              <![CDATA[java.lang.AssertionError: expected [true] but found [false]
at org.testng.Assert.fail(Assert.java:110)
at org.testng.Assert.failNotEquals(Assert.java:1413)
at org.testng.Assert.assertTrue(Assert.java:56)
at org.testng.Assert.assertTrue(Assert.java:66)
at med.webpages.MedicareViewProductsPage.validateProductTotalCount(MedicareViewProductsPage.java:55)
at med.webpages.MedicareHomePage.validateMpMoreProductBtn(MedicareHomePage.java:103)
at med.webtest.MedicareHomeTest.validateMoreProductsMpCount(MedicareHomeTest.java:86)
at java.base/jdk.internal.reflect.NativeMethodAccessorImpl.invoke0(Native Method)
at java.base/jdk.internal.reflect.NativeMethodAccessorImpl.invoke(NativeMethodAccessorImpl.java:78)
at java.base/jdk.internal.reflect.DelegatingMethodAccessorImpl.invoke(DelegatingMethodAccessorImpl.java:43)
at java.base/java.lang.reflect.Method.invoke(Method.java:567)
at org.testng.internal.invokers.MethodInvocationHelper.invokeMethod(MethodInvocationHelper.java:139)
at org.testng.internal.invokers.TestInvoker.invokeMethod(TestInvoker.java:677)
at org.testng.internal.invokers.TestInvoker.invokeTestMethod(TestInvoker.java:221)
at org.testng.internal.invokers.MethodRunner.runInSequence(MethodRunner.java:50)
at org.testng.internal.invokers.TestInvoker$MethodInvocationAgent.invoke(TestInvoker.java:962)
at org.testng.internal.invokers.TestInvoker.invokeTestMethods(TestInvoker.java:194)
at org.testng.internal.invokers.TestMethodWorker.invokeTestMethods(TestMethodWorker.java:148)
at org.testng.internal.invokers.TestMethodWorker.run(TestMethodWorker.java:128)
at java.base/java.util.ArrayList.forEach(ArrayList.java:1511)
at org.testng.TestRunner.privateRun(TestRunner.java:806)
at org.testng.TestRunner.run(TestRunner.java:601)
at org.testng.SuiteRunner.runTest(SuiteRunner.java:433)
at org.testng.SuiteRunner.runSequentially(SuiteRunner.java:427)
at org.testng.SuiteRunner.privateRun(SuiteRunner.java:387)
at org.testng.SuiteRunner.run(SuiteRunner.java:330)
at org.testng.SuiteRunnerWorker.runSuite(SuiteRunnerWorker.java:52)
at org.testng.SuiteRunnerWorker.run(SuiteRunnerWorker.java:95)
at org.testng.TestNG.runSuitesSequentially(TestNG.java:1256)
at org.testng.TestNG.runSuitesLocally(TestNG.java:1176)
at org.testng.TestNG.runSuites(TestNG.java:1099)
at org.testng.TestNG.run(TestNG.java:1067)
at org.apache.maven.surefire.testng.TestNGExecutor.run(TestNGExecutor.java:135)
at org.apache.maven.surefire.testng.TestNGDirectoryTestSuite.executeMulti(TestNGDirectoryTestSuite.java:193)
at org.apache.maven.surefire.testng.TestNGDirectoryTestSuite.execute(TestNGDirectoryTestSuite.java:94)
at org.apache.maven.surefire.testng.TestNGProvider.invoke(TestNGProvider.java:146)
at org.apache.maven.surefire.booter.ForkedBooter.invokeProviderInSameClassLoader(ForkedBooter.java:384)
at org.apache.maven.surefire.booter.ForkedBooter.runSuitesInProcess(ForkedBooter.java:345)
at org.apache.maven.surefire.booter.ForkedBooter.execute(ForkedBooter.java:126)
at org.apache.maven.surefire.booter.ForkedBooter.main(ForkedBooter.java:418)
]]>
            </full-stacktrace>
          </exception> <!-- java.lang.AssertionError -->
          <reporter-output>
          </reporter-output>
        </test-method> <!-- validateMoreProductsMpCount -->
        <test-method signature="validateMoreProductsMvCount(java.lang.String,java.lang.String,java.lang.String)[pri:0, instance:med.webtest.MedicareHomeTest@366647c2]" started-at="2023-02-05T12:02:25 IST" name="validateMoreProductsMvCount" data-provider="medicare-products-Moreproductscount" finished-at="2023-02-05T12:02:56 IST" duration-ms="31145" status="FAIL">
          <params>
            <param index="0">
              <value>
                <![CDATA[show/all/products]]>
              </value>
            </param>
            <param index="1">
              <value>
                <![CDATA[Medicare - All Products]]>
              </value>
            </param>
            <param index="2">
              <value>
                <![CDATA[8 entries]]>
              </value>
            </param>
          </params>
          <exception class="org.openqa.selenium.TimeoutException">
            <message>
              <![CDATA[Expected condition failed: waiting for element to be clickable: By.xpath: //div[@ng-repeat='product in pCtrl.mvProducts']/parent::div/div/a[text()='More Products'] (tried for 30 second(s) with 500 milliseconds interval)]]>
            </message>
            <full-stacktrace>
              <![CDATA[org.openqa.selenium.TimeoutException: Expected condition failed: waiting for element to be clickable: By.xpath: //div[@ng-repeat='product in pCtrl.mvProducts']/parent::div/div/a[text()='More Products'] (tried for 30 second(s) with 500 milliseconds interval)
at org.openqa.selenium.support.ui.WebDriverWait.timeoutException(WebDriverWait.java:95)
at org.openqa.selenium.support.ui.FluentWait.until(FluentWait.java:272)
at med.webpages.TestPageBase.waitForElementToBeClickable(TestPageBase.java:61)
at med.webpages.MedicareHomePage.validateMvMoreProductBtn(MedicareHomePage.java:87)
at med.webtest.MedicareHomeTest.validateMoreProductsMvCount(MedicareHomeTest.java:78)
at java.base/jdk.internal.reflect.NativeMethodAccessorImpl.invoke0(Native Method)
at java.base/jdk.internal.reflect.NativeMethodAccessorImpl.invoke(NativeMethodAccessorImpl.java:78)
at java.base/jdk.internal.reflect.DelegatingMethodAccessorImpl.invoke(DelegatingMethodAccessorImpl.java:43)
at java.base/java.lang.reflect.Method.invoke(Method.java:567)
at org.testng.internal.invokers.MethodInvocationHelper.invokeMethod(MethodInvocationHelper.java:139)
at org.testng.internal.invokers.TestInvoker.invokeMethod(TestInvoker.java:677)
at org.testng.internal.invokers.TestInvoker.invokeTestMethod(TestInvoker.java:221)
at org.testng.internal.invokers.MethodRunner.runInSequence(MethodRunner.java:50)
at org.testng.internal.invokers.TestInvoker$MethodInvocationAgent.invoke(TestInvoker.java:962)
at org.testng.internal.invokers.TestInvoker.invokeTestMethods(TestInvoker.java:194)
at org.testng.internal.invokers.TestMethodWorker.invokeTestMethods(TestMethodWorker.java:148)
at org.testng.internal.invokers.TestMethodWorker.run(TestMethodWorker.java:128)
at java.base/java.util.ArrayList.forEach(ArrayList.java:1511)
at org.testng.TestRunner.privateRun(TestRunner.java:806)
at org.testng.TestRunner.run(TestRunner.java:601)
at org.testng.SuiteRunner.runTest(SuiteRunner.java:433)
at org.testng.SuiteRunner.runSequentially(SuiteRunner.java:427)
at org.testng.SuiteRunner.privateRun(SuiteRunner.java:387)
at org.testng.SuiteRunner.run(SuiteRunner.java:330)
at org.testng.SuiteRunnerWorker.runSuite(SuiteRunnerWorker.java:52)
at org.testng.SuiteRunnerWorker.run(SuiteRunnerWorker.java:95)
at org.testng.TestNG.runSuitesSequentially(TestNG.java:1256)
at org.testng.TestNG.runSuitesLocally(TestNG.java:1176)
at org.testng.TestNG.runSuites(TestNG.java:1099)
at org.testng.TestNG.run(TestNG.java:1067)
at org.apache.maven.surefire.testng.TestNGExecutor.run(TestNGExecutor.java:135)
at org.apache.maven.surefire.testng.TestNGDirectoryTestSuite.executeMulti(TestNGDirectoryTestSuite.java:193)
at org.apache.maven.surefire.testng.TestNGDirectoryTestSuite.execute(TestNGDirectoryTestSuite.java:94)
at org.apache.maven.surefire.testng.TestNGProvider.invoke(TestNGProvider.java:146)
at org.apache.maven.surefire.booter.ForkedBooter.invokeProviderInSameClassLoader(ForkedBooter.java:384)
at org.apache.maven.surefire.booter.ForkedBooter.runSuitesInProcess(ForkedBooter.java:345)
at org.apache.maven.surefire.booter.ForkedBooter.execute(ForkedBooter.java:126)
at org.apache.maven.surefire.booter.ForkedBooter.main(ForkedBooter.java:418)
Caused by: org.openqa.selenium.NoSuchElementException: no such element: Unable to locate element: {"method":"xpath","selector":"//div[@ng-repeat='product in pCtrl.mvProducts']/parent::div/div/a[text()='More Products']"}
  (Session info: chrome=109.0.5414.120)
For documentation on this error, please visit: https://www.seleniumhq.org/exceptions/no_such_element.html
Build info: version: '3.141.59', revision: 'e82be7d358', time: '2018-11-14T08:17:03'
System info: host: 'LIN51013508', ip: '192.168.29.56', os.name: 'Windows 10', os.arch: 'amd64', os.version: '10.0', java.version: '16.0.1'
Driver info: org.openqa.selenium.chrome.ChromeDriver
Capabilities {acceptInsecureCerts: false, browserName: chrome, browserVersion: 109.0.5414.120, chrome: {chromedriverVersion: 109.0.5414.74 (e7c5703604da..., userDataDir: C:\Program Files (x86)\scop...}, goog:chromeOptions: {debuggerAddress: localhost:61382}, javascriptEnabled: true, networkConnectionEnabled: false, pageLoadStrategy: normal, platform: WINDOWS, platformName: WINDOWS, proxy: Proxy(), setWindowRect: true, strictFileInteractability: false, timeouts: {implicit: 0, pageLoad: 300000, script: 30000}, unhandledPromptBehavior: dismiss and notify, webauthn:extension:credBlob: true, webauthn:extension:largeBlob: true, webauthn:virtualAuthenticators: true}
Session ID: 4570487c3164c01f976ce49b23a5bcac
*** Element info: {Using=xpath, value=//div[@ng-repeat='product in pCtrl.mvProducts']/parent::div/div/a[text()='More Products']}
at java.base/jdk.internal.reflect.NativeConstructorAccessorImpl.newInstance0(Native Method)
at java.base/jdk.internal.reflect.NativeConstructorAccessorImpl.newInstance(NativeConstructorAccessorImpl.java:78)
at java.base/jdk.internal.reflect.DelegatingConstructorAccessorImpl.newInstance(DelegatingConstructorAccessorImpl.java:45)
at java.base/java.lang.reflect.Constructor.newInstanceWithCaller(Constructor.java:499)
at java.base/java.lang.reflect.Constructor.newInstance(Constructor.java:480)
at org.openqa.selenium.remote.http.W3CHttpResponseCodec.createException(W3CHttpResponseCodec.java:187)
at org.openqa.selenium.remote.http.W3CHttpResponseCodec.decode(W3CHttpResponseCodec.java:122)
at org.openqa.selenium.remote.http.W3CHttpResponseCodec.decode(W3CHttpResponseCodec.java:49)
at org.openqa.selenium.remote.HttpCommandExecutor.execute(HttpCommandExecutor.java:158)
at org.openqa.selenium.remote.service.DriverCommandExecutor.execute(DriverCommandExecutor.java:83)
at org.openqa.selenium.remote.RemoteWebDriver.execute(RemoteWebDriver.java:552)
at org.openqa.selenium.remote.RemoteWebDriver.findElement(RemoteWebDriver.java:323)
at org.openqa.selenium.remote.RemoteWebDriver.findElementByXPath(RemoteWebDriver.java:428)
at org.openqa.selenium.By$ByXPath.findElement(By.java:353)
at org.openqa.selenium.remote.RemoteWebDriver.findElement(RemoteWebDriver.java:315)
at org.openqa.selenium.support.ui.ExpectedConditions$7.apply(ExpectedConditions.java:205)
at org.openqa.selenium.support.ui.ExpectedConditions$7.apply(ExpectedConditions.java:201)
at org.openqa.selenium.support.ui.ExpectedConditions$22.apply(ExpectedConditions.java:641)
at org.openqa.selenium.support.ui.ExpectedConditions$22.apply(ExpectedConditions.java:638)
at org.openqa.selenium.support.ui.FluentWait.until(FluentWait.java:249)
... 36 more
]]>
            </full-stacktrace>
          </exception> <!-- org.openqa.selenium.TimeoutException -->
          <reporter-output>
          </reporter-output>
        </test-method> <!-- validateMoreProductsMvCount -->
        <test-method signature="validateMostPurchasedProductCount(java.lang.String)[pri:0, instance:med.webtest.MedicareHomeTest@366647c2]" started-at="2023-02-05T12:02:56 IST" name="validateMostPurchasedProductCount" data-provider="medicare-products-mostpurchasedcount" finished-at="2023-02-05T12:03:06 IST" duration-ms="10039" status="FAIL">
          <params>
            <param index="0">
              <value>
                <![CDATA[5]]>
              </value>
            </param>
          </params>
          <exception class="org.openqa.selenium.json.JsonException">
            <message>
              <![CDATA[java.lang.reflect.InvocationTargetException
Build info: version: '3.141.59', revision: 'e82be7d358', time: '2018-11-14T08:17:03'
System info: host: 'LIN51013508', ip: '192.168.29.56', os.name: 'Windows 10', os.arch: 'amd64', os.version: '10.0', java.version: '16.0.1'
Driver info: driver.version: RemoteWebDriver]]>
            </message>
            <full-stacktrace>
              <![CDATA[org.openqa.selenium.json.JsonException: java.lang.reflect.InvocationTargetException
Build info: version: '3.141.59', revision: 'e82be7d358', time: '2018-11-14T08:17:03'
System info: host: 'LIN51013508', ip: '192.168.29.56', os.name: 'Windows 10', os.arch: 'amd64', os.version: '10.0', java.version: '16.0.1'
Driver info: driver.version: RemoteWebDriver
at org.openqa.selenium.json.JsonOutput.convertUsingMethod(JsonOutput.java:332)
at org.openqa.selenium.json.JsonOutput.lambda$new$16(JsonOutput.java:155)
at org.openqa.selenium.json.JsonOutput.write(JsonOutput.java:264)
at org.openqa.selenium.json.JsonOutput.lambda$null$21(JsonOutput.java:168)
at java.base/java.util.LinkedHashMap$LinkedValues.forEach(LinkedHashMap.java:647)
at org.openqa.selenium.json.JsonOutput.lambda$new$22(JsonOutput.java:168)
at org.openqa.selenium.json.JsonOutput.write(JsonOutput.java:264)
at org.openqa.selenium.json.JsonOutput.lambda$null$23(JsonOutput.java:177)
at com.google.common.collect.SingletonImmutableBiMap.forEach(SingletonImmutableBiMap.java:65)
at org.openqa.selenium.json.JsonOutput.lambda$new$24(JsonOutput.java:176)
at org.openqa.selenium.json.JsonOutput.write(JsonOutput.java:264)
at org.openqa.selenium.json.JsonOutput.write(JsonOutput.java:255)
at org.openqa.selenium.json.Json.toJson(Json.java:42)
at org.openqa.selenium.remote.http.AbstractHttpCommandCodec.encode(AbstractHttpCommandCodec.java:227)
at org.openqa.selenium.remote.http.AbstractHttpCommandCodec.encode(AbstractHttpCommandCodec.java:117)
at org.openqa.selenium.remote.HttpCommandExecutor.execute(HttpCommandExecutor.java:152)
at org.openqa.selenium.remote.service.DriverCommandExecutor.execute(DriverCommandExecutor.java:83)
at org.openqa.selenium.remote.RemoteWebDriver.execute(RemoteWebDriver.java:552)
at org.openqa.selenium.remote.RemoteWebDriver.perform(RemoteWebDriver.java:618)
at org.openqa.selenium.interactions.Actions$BuiltAction.perform(Actions.java:639)
at org.openqa.selenium.interactions.Actions.perform(Actions.java:595)
at med.webpages.TestPageBase.moveToElement(TestPageBase.java:137)
at med.webpages.MedicareHomePage.validateMostPurchasedProduct(MedicareHomePage.java:80)
at med.webtest.MedicareHomeTest.validateMostPurchasedProductCount(MedicareHomeTest.java:70)
at java.base/jdk.internal.reflect.NativeMethodAccessorImpl.invoke0(Native Method)
at java.base/jdk.internal.reflect.NativeMethodAccessorImpl.invoke(NativeMethodAccessorImpl.java:78)
at java.base/jdk.internal.reflect.DelegatingMethodAccessorImpl.invoke(DelegatingMethodAccessorImpl.java:43)
at java.base/java.lang.reflect.Method.invoke(Method.java:567)
at org.testng.internal.invokers.MethodInvocationHelper.invokeMethod(MethodInvocationHelper.java:139)
at org.testng.internal.invokers.TestInvoker.invokeMethod(TestInvoker.java:677)
at org.testng.internal.invokers.TestInvoker.invokeTestMethod(TestInvoker.java:221)
at org.testng.internal.invokers.MethodRunner.runInSequence(MethodRunner.java:50)
at org.testng.internal.invokers.TestInvoker$MethodInvocationAgent.invoke(TestInvoker.java:962)
at org.testng.internal.invokers.TestInvoker.invokeTestMethods(TestInvoker.java:194)
at org.testng.internal.invokers.TestMethodWorker.invokeTestMethods(TestMethodWorker.java:148)
at org.testng.internal.invokers.TestMethodWorker.run(TestMethodWorker.java:128)
at java.base/java.util.ArrayList.forEach(ArrayList.java:1511)
at org.testng.TestRunner.privateRun(TestRunner.java:806)
at org.testng.TestRunner.run(TestRunner.java:601)
at org.testng.SuiteRunner.runTest(SuiteRunner.java:433)
at org.testng.SuiteRunner.runSequentially(SuiteRunner.java:427)
at org.testng.SuiteRunner.privateRun(SuiteRunner.java:387)
at org.testng.SuiteRunner.run(SuiteRunner.java:330)
at org.testng.SuiteRunnerWorker.runSuite(SuiteRunnerWorker.java:52)
at org.testng.SuiteRunnerWorker.run(SuiteRunnerWorker.java:95)
at org.testng.TestNG.runSuitesSequentially(TestNG.java:1256)
at org.testng.TestNG.runSuitesLocally(TestNG.java:1176)
at org.testng.TestNG.runSuites(TestNG.java:1099)
at org.testng.TestNG.run(TestNG.java:1067)
at org.apache.maven.surefire.testng.TestNGExecutor.run(TestNGExecutor.java:135)
at org.apache.maven.surefire.testng.TestNGDirectoryTestSuite.executeMulti(TestNGDirectoryTestSuite.java:193)
at org.apache.maven.surefire.testng.TestNGDirectoryTestSuite.execute(TestNGDirectoryTestSuite.java:94)
at org.apache.maven.surefire.testng.TestNGProvider.invoke(TestNGProvider.java:146)
at org.apache.maven.surefire.booter.ForkedBooter.invokeProviderInSameClassLoader(ForkedBooter.java:384)
at org.apache.maven.surefire.booter.ForkedBooter.runSuitesInProcess(ForkedBooter.java:345)
at org.apache.maven.surefire.booter.ForkedBooter.execute(ForkedBooter.java:126)
at org.apache.maven.surefire.booter.ForkedBooter.main(ForkedBooter.java:418)
Suppressed: org.openqa.selenium.json.JsonException: Attempting to close incomplete json stream
Build info: version: '3.141.59', revision: 'e82be7d358', time: '2018-11-14T08:17:03'
System info: host: 'LIN51013508', ip: '192.168.29.56', os.name: 'Windows 10', os.arch: 'amd64', os.version: '10.0', java.version: '16.0.1'
Driver info: driver.version: RemoteWebDriver
at org.openqa.selenium.json.JsonOutput.close(JsonOutput.java:279)
at org.openqa.selenium.json.Json.toJson(Json.java:44)
... 44 more
Caused by: java.lang.reflect.InvocationTargetException
at java.base/jdk.internal.reflect.NativeMethodAccessorImpl.invoke0(Native Method)
at java.base/jdk.internal.reflect.NativeMethodAccessorImpl.invoke(NativeMethodAccessorImpl.java:78)
at java.base/jdk.internal.reflect.DelegatingMethodAccessorImpl.invoke(DelegatingMethodAccessorImpl.java:43)
at java.base/java.lang.reflect.Method.invoke(Method.java:567)
at org.openqa.selenium.json.JsonOutput.convertUsingMethod(JsonOutput.java:328)
... 56 more
Caused by: org.openqa.selenium.NoSuchElementException: no such element: Unable to locate element: {"method":"xpath","selector":"//h3[contains(text(),'Most Purchased Medicines')]"}
  (Session info: chrome=109.0.5414.120)
For documentation on this error, please visit: https://www.seleniumhq.org/exceptions/no_such_element.html
Build info: version: '3.141.59', revision: 'e82be7d358', time: '2018-11-14T08:17:03'
System info: host: 'LIN51013508', ip: '192.168.29.56', os.name: 'Windows 10', os.arch: 'amd64', os.version: '10.0', java.version: '16.0.1'
Driver info: org.openqa.selenium.chrome.ChromeDriver
Capabilities {acceptInsecureCerts: false, browserName: chrome, browserVersion: 109.0.5414.120, chrome: {chromedriverVersion: 109.0.5414.74 (e7c5703604da..., userDataDir: C:\Program Files (x86)\scop...}, goog:chromeOptions: {debuggerAddress: localhost:61382}, javascriptEnabled: true, networkConnectionEnabled: false, pageLoadStrategy: normal, platform: WINDOWS, platformName: WINDOWS, proxy: Proxy(), setWindowRect: true, strictFileInteractability: false, timeouts: {implicit: 0, pageLoad: 300000, script: 30000}, unhandledPromptBehavior: dismiss and notify, webauthn:extension:credBlob: true, webauthn:extension:largeBlob: true, webauthn:virtualAuthenticators: true}
Session ID: 4570487c3164c01f976ce49b23a5bcac
*** Element info: {Using=xpath, value=//h3[contains(text(),'Most Purchased Medicines')]}
at java.base/jdk.internal.reflect.NativeConstructorAccessorImpl.newInstance0(Native Method)
at java.base/jdk.internal.reflect.NativeConstructorAccessorImpl.newInstance(NativeConstructorAccessorImpl.java:78)
at java.base/jdk.internal.reflect.DelegatingConstructorAccessorImpl.newInstance(DelegatingConstructorAccessorImpl.java:45)
at java.base/java.lang.reflect.Constructor.newInstanceWithCaller(Constructor.java:499)
at java.base/java.lang.reflect.Constructor.newInstance(Constructor.java:480)
at org.openqa.selenium.remote.http.W3CHttpResponseCodec.createException(W3CHttpResponseCodec.java:187)
at org.openqa.selenium.remote.http.W3CHttpResponseCodec.decode(W3CHttpResponseCodec.java:122)
at org.openqa.selenium.remote.http.W3CHttpResponseCodec.decode(W3CHttpResponseCodec.java:49)
at org.openqa.selenium.remote.HttpCommandExecutor.execute(HttpCommandExecutor.java:158)
at org.openqa.selenium.remote.service.DriverCommandExecutor.execute(DriverCommandExecutor.java:83)
at org.openqa.selenium.remote.RemoteWebDriver.execute(RemoteWebDriver.java:552)
at org.openqa.selenium.remote.RemoteWebDriver.findElement(RemoteWebDriver.java:323)
at org.openqa.selenium.remote.RemoteWebDriver.findElementByXPath(RemoteWebDriver.java:428)
at org.openqa.selenium.By$ByXPath.findElement(By.java:353)
at org.openqa.selenium.remote.RemoteWebDriver.findElement(RemoteWebDriver.java:315)
at org.openqa.selenium.support.pagefactory.DefaultElementLocator.findElement(DefaultElementLocator.java:69)
at org.openqa.selenium.support.pagefactory.internal.LocatingElementHandler.invoke(LocatingElementHandler.java:38)
at jdk.proxy2/jdk.proxy2.$Proxy11.getWrappedElement(Unknown Source)
at org.openqa.selenium.interactions.PointerInput$Origin.asArg(PointerInput.java:204)
at org.openqa.selenium.interactions.PointerInput$Move.encode(PointerInput.java:155)
at org.openqa.selenium.interactions.Sequence.encode(Sequence.java:75)
at org.openqa.selenium.interactions.Sequence.toJson(Sequence.java:84)
... 61 more
]]>
            </full-stacktrace>
          </exception> <!-- org.openqa.selenium.json.JsonException -->
          <reporter-output>
          </reporter-output>
        </test-method> <!-- validateMostPurchasedProductCount -->
        <test-method signature="validateMostViewedProductCount(java.lang.String)[pri:0, instance:med.webtest.MedicareHomeTest@366647c2]" started-at="2023-02-05T12:03:06 IST" name="validateMostViewedProductCount" data-provider="medicare-products-mostviewedcount" finished-at="2023-02-05T12:03:16 IST" duration-ms="10031" status="FAIL">
          <params>
            <param index="0">
              <value>
                <![CDATA[5]]>
              </value>
            </param>
          </params>
          <exception class="org.openqa.selenium.json.JsonException">
            <message>
              <![CDATA[java.lang.reflect.InvocationTargetException
Build info: version: '3.141.59', revision: 'e82be7d358', time: '2018-11-14T08:17:03'
System info: host: 'LIN51013508', ip: '192.168.29.56', os.name: 'Windows 10', os.arch: 'amd64', os.version: '10.0', java.version: '16.0.1'
Driver info: driver.version: RemoteWebDriver]]>
            </message>
            <full-stacktrace>
              <![CDATA[org.openqa.selenium.json.JsonException: java.lang.reflect.InvocationTargetException
Build info: version: '3.141.59', revision: 'e82be7d358', time: '2018-11-14T08:17:03'
System info: host: 'LIN51013508', ip: '192.168.29.56', os.name: 'Windows 10', os.arch: 'amd64', os.version: '10.0', java.version: '16.0.1'
Driver info: driver.version: RemoteWebDriver
at org.openqa.selenium.json.JsonOutput.convertUsingMethod(JsonOutput.java:332)
at org.openqa.selenium.json.JsonOutput.lambda$new$16(JsonOutput.java:155)
at org.openqa.selenium.json.JsonOutput.write(JsonOutput.java:264)
at org.openqa.selenium.json.JsonOutput.lambda$null$21(JsonOutput.java:168)
at java.base/java.util.LinkedHashMap$LinkedValues.forEach(LinkedHashMap.java:647)
at org.openqa.selenium.json.JsonOutput.lambda$new$22(JsonOutput.java:168)
at org.openqa.selenium.json.JsonOutput.write(JsonOutput.java:264)
at org.openqa.selenium.json.JsonOutput.lambda$null$23(JsonOutput.java:177)
at com.google.common.collect.SingletonImmutableBiMap.forEach(SingletonImmutableBiMap.java:65)
at org.openqa.selenium.json.JsonOutput.lambda$new$24(JsonOutput.java:176)
at org.openqa.selenium.json.JsonOutput.write(JsonOutput.java:264)
at org.openqa.selenium.json.JsonOutput.write(JsonOutput.java:255)
at org.openqa.selenium.json.Json.toJson(Json.java:42)
at org.openqa.selenium.remote.http.AbstractHttpCommandCodec.encode(AbstractHttpCommandCodec.java:227)
at org.openqa.selenium.remote.http.AbstractHttpCommandCodec.encode(AbstractHttpCommandCodec.java:117)
at org.openqa.selenium.remote.HttpCommandExecutor.execute(HttpCommandExecutor.java:152)
at org.openqa.selenium.remote.service.DriverCommandExecutor.execute(DriverCommandExecutor.java:83)
at org.openqa.selenium.remote.RemoteWebDriver.execute(RemoteWebDriver.java:552)
at org.openqa.selenium.remote.RemoteWebDriver.perform(RemoteWebDriver.java:618)
at org.openqa.selenium.interactions.Actions$BuiltAction.perform(Actions.java:639)
at org.openqa.selenium.interactions.Actions.perform(Actions.java:595)
at med.webpages.TestPageBase.moveToElement(TestPageBase.java:137)
at med.webpages.MedicareHomePage.validateMostViewedProduct(MedicareHomePage.java:73)
at med.webtest.MedicareHomeTest.validateMostViewedProductCount(MedicareHomeTest.java:62)
at java.base/jdk.internal.reflect.NativeMethodAccessorImpl.invoke0(Native Method)
at java.base/jdk.internal.reflect.NativeMethodAccessorImpl.invoke(NativeMethodAccessorImpl.java:78)
at java.base/jdk.internal.reflect.DelegatingMethodAccessorImpl.invoke(DelegatingMethodAccessorImpl.java:43)
at java.base/java.lang.reflect.Method.invoke(Method.java:567)
at org.testng.internal.invokers.MethodInvocationHelper.invokeMethod(MethodInvocationHelper.java:139)
at org.testng.internal.invokers.TestInvoker.invokeMethod(TestInvoker.java:677)
at org.testng.internal.invokers.TestInvoker.invokeTestMethod(TestInvoker.java:221)
at org.testng.internal.invokers.MethodRunner.runInSequence(MethodRunner.java:50)
at org.testng.internal.invokers.TestInvoker$MethodInvocationAgent.invoke(TestInvoker.java:962)
at org.testng.internal.invokers.TestInvoker.invokeTestMethods(TestInvoker.java:194)
at org.testng.internal.invokers.TestMethodWorker.invokeTestMethods(TestMethodWorker.java:148)
at org.testng.internal.invokers.TestMethodWorker.run(TestMethodWorker.java:128)
at java.base/java.util.ArrayList.forEach(ArrayList.java:1511)
at org.testng.TestRunner.privateRun(TestRunner.java:806)
at org.testng.TestRunner.run(TestRunner.java:601)
at org.testng.SuiteRunner.runTest(SuiteRunner.java:433)
at org.testng.SuiteRunner.runSequentially(SuiteRunner.java:427)
at org.testng.SuiteRunner.privateRun(SuiteRunner.java:387)
at org.testng.SuiteRunner.run(SuiteRunner.java:330)
at org.testng.SuiteRunnerWorker.runSuite(SuiteRunnerWorker.java:52)
at org.testng.SuiteRunnerWorker.run(SuiteRunnerWorker.java:95)
at org.testng.TestNG.runSuitesSequentially(TestNG.java:1256)
at org.testng.TestNG.runSuitesLocally(TestNG.java:1176)
at org.testng.TestNG.runSuites(TestNG.java:1099)
at org.testng.TestNG.run(TestNG.java:1067)
at org.apache.maven.surefire.testng.TestNGExecutor.run(TestNGExecutor.java:135)
at org.apache.maven.surefire.testng.TestNGDirectoryTestSuite.executeMulti(TestNGDirectoryTestSuite.java:193)
at org.apache.maven.surefire.testng.TestNGDirectoryTestSuite.execute(TestNGDirectoryTestSuite.java:94)
at org.apache.maven.surefire.testng.TestNGProvider.invoke(TestNGProvider.java:146)
at org.apache.maven.surefire.booter.ForkedBooter.invokeProviderInSameClassLoader(ForkedBooter.java:384)
at org.apache.maven.surefire.booter.ForkedBooter.runSuitesInProcess(ForkedBooter.java:345)
at org.apache.maven.surefire.booter.ForkedBooter.execute(ForkedBooter.java:126)
at org.apache.maven.surefire.booter.ForkedBooter.main(ForkedBooter.java:418)
Suppressed: org.openqa.selenium.json.JsonException: Attempting to close incomplete json stream
Build info: version: '3.141.59', revision: 'e82be7d358', time: '2018-11-14T08:17:03'
System info: host: 'LIN51013508', ip: '192.168.29.56', os.name: 'Windows 10', os.arch: 'amd64', os.version: '10.0', java.version: '16.0.1'
Driver info: driver.version: RemoteWebDriver
at org.openqa.selenium.json.JsonOutput.close(JsonOutput.java:279)
at org.openqa.selenium.json.Json.toJson(Json.java:44)
... 44 more
Caused by: java.lang.reflect.InvocationTargetException
at java.base/jdk.internal.reflect.NativeMethodAccessorImpl.invoke0(Native Method)
at java.base/jdk.internal.reflect.NativeMethodAccessorImpl.invoke(NativeMethodAccessorImpl.java:78)
at java.base/jdk.internal.reflect.DelegatingMethodAccessorImpl.invoke(DelegatingMethodAccessorImpl.java:43)
at java.base/java.lang.reflect.Method.invoke(Method.java:567)
at org.openqa.selenium.json.JsonOutput.convertUsingMethod(JsonOutput.java:328)
... 56 more
Caused by: org.openqa.selenium.NoSuchElementException: no such element: Unable to locate element: {"method":"xpath","selector":"//h3[contains(text(),'Most Viewed Medicines')]"}
  (Session info: chrome=109.0.5414.120)
For documentation on this error, please visit: https://www.seleniumhq.org/exceptions/no_such_element.html
Build info: version: '3.141.59', revision: 'e82be7d358', time: '2018-11-14T08:17:03'
System info: host: 'LIN51013508', ip: '192.168.29.56', os.name: 'Windows 10', os.arch: 'amd64', os.version: '10.0', java.version: '16.0.1'
Driver info: org.openqa.selenium.chrome.ChromeDriver
Capabilities {acceptInsecureCerts: false, browserName: chrome, browserVersion: 109.0.5414.120, chrome: {chromedriverVersion: 109.0.5414.74 (e7c5703604da..., userDataDir: C:\Program Files (x86)\scop...}, goog:chromeOptions: {debuggerAddress: localhost:61382}, javascriptEnabled: true, networkConnectionEnabled: false, pageLoadStrategy: normal, platform: WINDOWS, platformName: WINDOWS, proxy: Proxy(), setWindowRect: true, strictFileInteractability: false, timeouts: {implicit: 0, pageLoad: 300000, script: 30000}, unhandledPromptBehavior: dismiss and notify, webauthn:extension:credBlob: true, webauthn:extension:largeBlob: true, webauthn:virtualAuthenticators: true}
Session ID: 4570487c3164c01f976ce49b23a5bcac
*** Element info: {Using=xpath, value=//h3[contains(text(),'Most Viewed Medicines')]}
at java.base/jdk.internal.reflect.NativeConstructorAccessorImpl.newInstance0(Native Method)
at java.base/jdk.internal.reflect.NativeConstructorAccessorImpl.newInstance(NativeConstructorAccessorImpl.java:78)
at java.base/jdk.internal.reflect.DelegatingConstructorAccessorImpl.newInstance(DelegatingConstructorAccessorImpl.java:45)
at java.base/java.lang.reflect.Constructor.newInstanceWithCaller(Constructor.java:499)
at java.base/java.lang.reflect.Constructor.newInstance(Constructor.java:480)
at org.openqa.selenium.remote.http.W3CHttpResponseCodec.createException(W3CHttpResponseCodec.java:187)
at org.openqa.selenium.remote.http.W3CHttpResponseCodec.decode(W3CHttpResponseCodec.java:122)
at org.openqa.selenium.remote.http.W3CHttpResponseCodec.decode(W3CHttpResponseCodec.java:49)
at org.openqa.selenium.remote.HttpCommandExecutor.execute(HttpCommandExecutor.java:158)
at org.openqa.selenium.remote.service.DriverCommandExecutor.execute(DriverCommandExecutor.java:83)
at org.openqa.selenium.remote.RemoteWebDriver.execute(RemoteWebDriver.java:552)
at org.openqa.selenium.remote.RemoteWebDriver.findElement(RemoteWebDriver.java:323)
at org.openqa.selenium.remote.RemoteWebDriver.findElementByXPath(RemoteWebDriver.java:428)
at org.openqa.selenium.By$ByXPath.findElement(By.java:353)
at org.openqa.selenium.remote.RemoteWebDriver.findElement(RemoteWebDriver.java:315)
at org.openqa.selenium.support.pagefactory.DefaultElementLocator.findElement(DefaultElementLocator.java:69)
at org.openqa.selenium.support.pagefactory.internal.LocatingElementHandler.invoke(LocatingElementHandler.java:38)
at jdk.proxy2/jdk.proxy2.$Proxy11.getWrappedElement(Unknown Source)
at org.openqa.selenium.interactions.PointerInput$Origin.asArg(PointerInput.java:204)
at org.openqa.selenium.interactions.PointerInput$Move.encode(PointerInput.java:155)
at org.openqa.selenium.interactions.Sequence.encode(Sequence.java:75)
at org.openqa.selenium.interactions.Sequence.toJson(Sequence.java:84)
... 61 more
]]>
            </full-stacktrace>
          </exception> <!-- org.openqa.selenium.json.JsonException -->
          <reporter-output>
          </reporter-output>
        </test-method> <!-- validateMostViewedProductCount -->
        <test-method is-config="true" signature="afterMedicareHomeMethod()[pri:0, instance:med.webtest.MedicareHomeTest@366647c2]" started-at="2023-02-05T12:03:16 IST" name="afterMedicareHomeMethod" finished-at="2023-02-05T12:03:16 IST" duration-ms="246" status="PASS">
          <reporter-output>
          </reporter-output>
        </test-method> <!-- afterMedicareHomeMethod -->
      </class> <!-- med.webtest.MedicareHomeTest -->
      <class name="med.webtest.MedicareUserCheckoutTest">
        <test-method is-config="true" signature="beforeMedicareUserCheckoutMethod()[pri:0, instance:med.webtest.MedicareUserCheckoutTest@865dd6]" started-at="2023-02-05T12:04:20 IST" name="beforeMedicareUserCheckoutMethod" finished-at="2023-02-05T12:04:26 IST" duration-ms="5821" status="PASS">
          <reporter-output>
          </reporter-output>
        </test-method> <!-- beforeMedicareUserCheckoutMethod -->
        <test-method signature="addProductCart(java.util.HashMap)[pri:0, instance:med.webtest.MedicareUserCheckoutTest@865dd6]" started-at="2023-02-05T12:04:26 IST" name="addProductCart" data-provider="user-addproduct-cart" finished-at="2023-02-05T12:04:36 IST" duration-ms="9895" status="PASS">
          <params>
            <param index="0">
              <value>
                <![CDATA[{dropdownSelectValue=5, pageNumber=1, productBrand=Cipla, productQty=49, rowNumber=2, productName=Dolo 650, productPrice=? 22}]]>
              </value>
            </param>
          </params>
          <reporter-output>
          </reporter-output>
        </test-method> <!-- addProductCart -->
        <test-method is-config="true" signature="afterMedicareUserCheckoutMethod()[pri:0, instance:med.webtest.MedicareUserCheckoutTest@865dd6]" started-at="2023-02-05T12:04:36 IST" name="afterMedicareUserCheckoutMethod" finished-at="2023-02-05T12:04:38 IST" duration-ms="2109" status="PASS">
          <reporter-output>
          </reporter-output>
        </test-method> <!-- afterMedicareUserCheckoutMethod -->
        <test-method is-config="true" signature="beforeMedicareUserCheckoutMethod()[pri:0, instance:med.webtest.MedicareUserCheckoutTest@865dd6]" started-at="2023-02-05T12:04:38 IST" name="beforeMedicareUserCheckoutMethod" finished-at="2023-02-05T12:04:43 IST" duration-ms="5600" status="PASS">
          <reporter-output>
          </reporter-output>
        </test-method> <!-- beforeMedicareUserCheckoutMethod -->
        <test-method signature="addProductCart(java.util.HashMap)[pri:0, instance:med.webtest.MedicareUserCheckoutTest@865dd6]" started-at="2023-02-05T12:04:43 IST" name="addProductCart" data-provider="user-addproduct-cart" finished-at="2023-02-05T12:04:53 IST" duration-ms="9795" status="PASS">
          <params>
            <param index="0">
              <value>
                <![CDATA[{dropdownSelectValue=5, pageNumber=1, productBrand=Cipla, productQty=79, rowNumber=4, productName=Aceclofenac, productPrice=? 42}]]>
              </value>
            </param>
          </params>
          <reporter-output>
          </reporter-output>
        </test-method> <!-- addProductCart -->
        <test-method is-config="true" signature="afterMedicareUserCheckoutMethod()[pri:0, instance:med.webtest.MedicareUserCheckoutTest@865dd6]" started-at="2023-02-05T12:04:53 IST" name="afterMedicareUserCheckoutMethod" finished-at="2023-02-05T12:04:55 IST" duration-ms="2083" status="PASS">
          <reporter-output>
          </reporter-output>
        </test-method> <!-- afterMedicareUserCheckoutMethod -->
        <test-method is-config="true" signature="beforeMedicareUserCheckoutMethod()[pri:0, instance:med.webtest.MedicareUserCheckoutTest@865dd6]" started-at="2023-02-05T12:04:55 IST" name="beforeMedicareUserCheckoutMethod" finished-at="2023-02-05T12:05:00 IST" duration-ms="5195" status="PASS">
          <reporter-output>
          </reporter-output>
        </test-method> <!-- beforeMedicareUserCheckoutMethod -->
        <test-method signature="addProductCart(java.util.HashMap)[pri:0, instance:med.webtest.MedicareUserCheckoutTest@865dd6]" started-at="2023-02-05T12:05:00 IST" name="addProductCart" data-provider="user-addproduct-cart" finished-at="2023-02-05T12:05:10 IST" duration-ms="9768" status="PASS">
          <params>
            <param index="0">
              <value>
                <![CDATA[{dropdownSelectValue=5, pageNumber=1, productBrand=Sun Pharma, productQty=65, rowNumber=5, productName=Amoxicillin, productPrice=? 54}]]>
              </value>
            </param>
          </params>
          <reporter-output>
          </reporter-output>
        </test-method> <!-- addProductCart -->
        <test-method is-config="true" signature="afterMedicareUserCheckoutMethod()[pri:0, instance:med.webtest.MedicareUserCheckoutTest@865dd6]" started-at="2023-02-05T12:05:10 IST" name="afterMedicareUserCheckoutMethod" finished-at="2023-02-05T12:05:12 IST" duration-ms="1490" status="PASS">
          <reporter-output>
          </reporter-output>
        </test-method> <!-- afterMedicareUserCheckoutMethod -->
        <test-method is-config="true" signature="beforeMedicareUserCheckoutMethod()[pri:0, instance:med.webtest.MedicareUserCheckoutTest@865dd6]" started-at="2023-02-05T12:05:12 IST" name="beforeMedicareUserCheckoutMethod" finished-at="2023-02-05T12:05:17 IST" duration-ms="5201" status="PASS">
          <reporter-output>
          </reporter-output>
        </test-method> <!-- beforeMedicareUserCheckoutMethod -->
        <test-method signature="removeProductCart()[pri:1, instance:med.webtest.MedicareUserCheckoutTest@865dd6]" started-at="2023-02-05T12:05:17 IST" name="removeProductCart" finished-at="2023-02-05T12:05:58 IST" depends-on-methods="med.webtest.MedicareUserCheckoutTest.addProductCart" duration-ms="41144" status="FAIL">
          <exception class="org.openqa.selenium.TimeoutException">
            <message>
              <![CDATA[Expected condition failed: waiting for visibility of Proxy element for: DefaultElementLocator 'By.xpath: //li[@class='dropdown open']/a' (tried for 30 second(s) with 500 milliseconds interval)]]>
            </message>
            <full-stacktrace>
              <![CDATA[org.openqa.selenium.TimeoutException: Expected condition failed: waiting for visibility of Proxy element for: DefaultElementLocator 'By.xpath: //li[@class='dropdown open']/a' (tried for 30 second(s) with 500 milliseconds interval)
at org.openqa.selenium.support.ui.WebDriverWait.timeoutException(WebDriverWait.java:95)
at org.openqa.selenium.support.ui.FluentWait.until(FluentWait.java:272)
at med.webpages.TestPageBase.waitForElementToBeVisible(TestPageBase.java:73)
at med.webpages.MedicareUserPage.removeMedicine(MedicareUserPage.java:165)
at med.webtest.MedicareUserCheckoutTest.removeProductCart(MedicareUserCheckoutTest.java:56)
at java.base/jdk.internal.reflect.NativeMethodAccessorImpl.invoke0(Native Method)
at java.base/jdk.internal.reflect.NativeMethodAccessorImpl.invoke(NativeMethodAccessorImpl.java:78)
at java.base/jdk.internal.reflect.DelegatingMethodAccessorImpl.invoke(DelegatingMethodAccessorImpl.java:43)
at java.base/java.lang.reflect.Method.invoke(Method.java:567)
at org.testng.internal.invokers.MethodInvocationHelper.invokeMethod(MethodInvocationHelper.java:139)
at org.testng.internal.invokers.TestInvoker.invokeMethod(TestInvoker.java:677)
at org.testng.internal.invokers.TestInvoker.invokeTestMethod(TestInvoker.java:221)
at org.testng.internal.invokers.MethodRunner.runInSequence(MethodRunner.java:50)
at org.testng.internal.invokers.TestInvoker$MethodInvocationAgent.invoke(TestInvoker.java:962)
at org.testng.internal.invokers.TestInvoker.invokeTestMethods(TestInvoker.java:194)
at org.testng.internal.invokers.TestMethodWorker.invokeTestMethods(TestMethodWorker.java:148)
at org.testng.internal.invokers.TestMethodWorker.run(TestMethodWorker.java:128)
at java.base/java.util.ArrayList.forEach(ArrayList.java:1511)
at org.testng.TestRunner.privateRun(TestRunner.java:806)
at org.testng.TestRunner.run(TestRunner.java:601)
at org.testng.SuiteRunner.runTest(SuiteRunner.java:433)
at org.testng.SuiteRunner.runSequentially(SuiteRunner.java:427)
at org.testng.SuiteRunner.privateRun(SuiteRunner.java:387)
at org.testng.SuiteRunner.run(SuiteRunner.java:330)
at org.testng.SuiteRunnerWorker.runSuite(SuiteRunnerWorker.java:52)
at org.testng.SuiteRunnerWorker.run(SuiteRunnerWorker.java:95)
at org.testng.TestNG.runSuitesSequentially(TestNG.java:1256)
at org.testng.TestNG.runSuitesLocally(TestNG.java:1176)
at org.testng.TestNG.runSuites(TestNG.java:1099)
at org.testng.TestNG.run(TestNG.java:1067)
at org.apache.maven.surefire.testng.TestNGExecutor.run(TestNGExecutor.java:135)
at org.apache.maven.surefire.testng.TestNGDirectoryTestSuite.executeMulti(TestNGDirectoryTestSuite.java:193)
at org.apache.maven.surefire.testng.TestNGDirectoryTestSuite.execute(TestNGDirectoryTestSuite.java:94)
at org.apache.maven.surefire.testng.TestNGProvider.invoke(TestNGProvider.java:146)
at org.apache.maven.surefire.booter.ForkedBooter.invokeProviderInSameClassLoader(ForkedBooter.java:384)
at org.apache.maven.surefire.booter.ForkedBooter.runSuitesInProcess(ForkedBooter.java:345)
at org.apache.maven.surefire.booter.ForkedBooter.execute(ForkedBooter.java:126)
at org.apache.maven.surefire.booter.ForkedBooter.main(ForkedBooter.java:418)
Caused by: org.openqa.selenium.NoSuchElementException: no such element: Unable to locate element: {"method":"xpath","selector":"//li[@class='dropdown open']/a"}
  (Session info: chrome=109.0.5414.120)
For documentation on this error, please visit: https://www.seleniumhq.org/exceptions/no_such_element.html
Build info: version: '3.141.59', revision: 'e82be7d358', time: '2018-11-14T08:17:03'
System info: host: 'LIN51013508', ip: '192.168.29.56', os.name: 'Windows 10', os.arch: 'amd64', os.version: '10.0', java.version: '16.0.1'
Driver info: org.openqa.selenium.chrome.ChromeDriver
Capabilities {acceptInsecureCerts: false, browserName: chrome, browserVersion: 109.0.5414.120, chrome: {chromedriverVersion: 109.0.5414.74 (e7c5703604da..., userDataDir: C:\Program Files (x86)\scop...}, goog:chromeOptions: {debuggerAddress: localhost:61615}, javascriptEnabled: true, networkConnectionEnabled: false, pageLoadStrategy: normal, platform: WINDOWS, platformName: WINDOWS, proxy: Proxy(), setWindowRect: true, strictFileInteractability: false, timeouts: {implicit: 0, pageLoad: 300000, script: 30000}, unhandledPromptBehavior: dismiss and notify, webauthn:extension:credBlob: true, webauthn:extension:largeBlob: true, webauthn:virtualAuthenticators: true}
Session ID: d38a2229b3a671e6ba2e7a756892ecb9
*** Element info: {Using=xpath, value=//li[@class='dropdown open']/a}
at java.base/jdk.internal.reflect.NativeConstructorAccessorImpl.newInstance0(Native Method)
at java.base/jdk.internal.reflect.NativeConstructorAccessorImpl.newInstance(NativeConstructorAccessorImpl.java:78)
at java.base/jdk.internal.reflect.DelegatingConstructorAccessorImpl.newInstance(DelegatingConstructorAccessorImpl.java:45)
at java.base/java.lang.reflect.Constructor.newInstanceWithCaller(Constructor.java:499)
[...]
at java.base/java.lang.reflect.Method.invoke(Method.java:567)
at org.testng.internal.invokers.MethodInvocationHelper.invokeMethod(MethodInvocationHelper.java:139)
at org.testng.internal.invokers.TestInvoker.invokeMethod(TestInvoker.java:677)
at org.testng.internal.invokers.TestInvoker.invokeTestMethod(TestInvoker.java:221)
at org.testng.internal.invokers.MethodRunner.runInSequence(MethodRunner.java:50)
at org.testng.internal.invokers.TestInvoker$MethodInvocationAgent.invoke(TestInvoker.java:962)
at org.testng.internal.invokers.TestInvoker.invokeTestMethods(TestInvoker.java:194)
at org.testng.internal.invokers.TestMethodWorker.invokeTestMethods(TestMethodWorker.java:148)
at org.testng.internal.invokers.TestMethodWorker.run(TestMethodWorker.java:128)
at java.base/java.util.ArrayList.forEach(ArrayList.java:1511)
at org.testng.TestRunner.privateRun(TestRunner.java:806)
at org.testng.TestRunner.run(TestRunner.java:601)
at org.testng.SuiteRunner.runTest(SuiteRunner.java:433)
at org.testng.SuiteRunner.runSequentially(SuiteRunner.java:427)
at org.testng.SuiteRunner.privateRun(SuiteRunner.java:387)
at org.testng.SuiteRunner.run(SuiteRunner.java:330)
at org.testng.SuiteRunnerWorker.runSuite(SuiteRunnerWorker.java:52)
at org.testng.SuiteRunnerWorker.run(SuiteRunnerWorker.java:95)
at org.testng.TestNG.runSuitesSequentially(TestNG.java:1256)
at org.testng.TestNG.runSuitesLocally(TestNG.java:1176)
at org.testng.TestNG.runSuites(TestNG.java:1099)
at org.testng.TestNG.run(TestNG.java:1067)
at org.apache.maven.surefire.testng.TestNGExecutor.run(TestNGExecutor.java:135)
at org.apache.maven.surefire.testng.TestNGDirectoryTestSuite.executeMulti(TestNGDirectoryTestSuite.java:193)
at org.apache.maven.surefire.testng.TestNGDirectoryTestSuite.execute(TestNGDirectoryTestSuite.java:94)
at org.apache.maven.surefire.testng.TestNGProvider.invoke(TestNGProvider.java:146)
at org.apache.maven.surefire.booter.ForkedBooter.invokeProviderInSameClassLoader(ForkedBooter.java:384)
at org.apache.maven.surefire.booter.ForkedBooter.runSuitesInProcess(ForkedBooter.java:345)
at org.apache.maven.surefire.booter.ForkedBooter.execute(ForkedBooter.java:126)
at org.apache.maven.surefire.booter.ForkedBooter.main(ForkedBooter.java:418)
]]>
            </full-stacktrace>
          </exception> <!-- java.lang.AssertionError -->
          <reporter-output>
          </reporter-output>
        </test-method> <!-- validateViewProductSort -->
        <test-method signature="validateViewProductSort(java.util.HashMap)[pri:0, instance:med.webtest.MedicareViewProductTest@3972a855]" started-at="2023-02-05T12:09:43 IST" name="validateViewProductSort" data-provider="viewproduct-sort" finished-at="2023-02-05T12:09:45 IST" duration-ms="2157" status="FAIL">
          <params>
            <param index="0">
              <value>
                <![CDATA[{dropdownSelectValue=5, pageNumber=2, sortOrder=asc, totalProducts=8, productBrand=Intas, totalPages=2, productQty=20, rowNumber=1, productName=Diclofenac, productPrice=30}]]>
              </value>
            </param>
          </params>
          <exception class="java.lang.AssertionError">
            <message>
              <![CDATA[expected [true] but found [false]]]>
            </message>
            <full-stacktrace>
              <![CDATA[java.lang.AssertionError: expected [true] but found [false]
at org.testng.Assert.fail(Assert.java:110)
at org.testng.Assert.failNotEquals(Assert.java:1413)
at org.testng.Assert.assertTrue(Assert.java:56)
at org.testng.Assert.assertTrue(Assert.java:66)
at med.webpages.MedicareViewProductsPage.validateProductListResult(MedicareViewProductsPage.java:228)
at med.webpages.MedicareViewProductsPage.validateViewProductTableSort(MedicareViewProductsPage.java:146)
at med.webtest.MedicareViewProductTest.validateViewProductSort(MedicareViewProductTest.java:68)
at java.base/jdk.internal.reflect.NativeMethodAccessorImpl.invoke0(Native Method)
at java.base/jdk.internal.reflect.NativeMethodAccessorImpl.invoke(NativeMethodAccessorImpl.java:78)
at java.base/jdk.internal.reflect.DelegatingMethodAccessorImpl.invoke(DelegatingMethodAccessorImpl.java:43)
at java.base/java.lang.reflect.Method.invoke(Method.java:567)
at org.testng.internal.invokers.MethodInvocationHelper.invokeMethod(MethodInvocationHelper.java:139)
at org.testng.internal.invokers.TestInvoker.invokeMethod(TestInvoker.java:677)
at org.testng.internal.invokers.TestInvoker.invokeTestMethod(TestInvoker.java:221)
at org.testng.internal.invokers.MethodRunner.runInSequence(MethodRunner.java:50)
at org.testng.internal.invokers.TestInvoker$MethodInvocationAgent.invoke(TestInvoker.java:962)
at org.testng.internal.invokers.TestInvoker.invokeTestMethods(TestInvoker.java:194)
at org.testng.internal.invokers.TestMethodWorker.invokeTestMethods(TestMethodWorker.java:148)
at org.testng.internal.invokers.TestMethodWorker.run(TestMethodWorker.java:128)
at java.base/java.util.ArrayList.forEach(ArrayList.java:1511)
at org.testng.TestRunner.privateRun(TestRunner.java:806)
at org.testng.TestRunner.run(TestRunner.java:601)
at org.testng.SuiteRunner.runTest(SuiteRunner.java:433)
at org.testng.SuiteRunner.runSequentially(SuiteRunner.java:427)
at org.testng.SuiteRunner.privateRun(SuiteRunner.java:387)
at org.testng.SuiteRunner.run(SuiteRunner.java:330)
at org.testng.SuiteRunnerWorker.runSuite(SuiteRunnerWorker.java:52)
at org.testng.SuiteRunnerWorker.run(SuiteRunnerWorker.java:95)
at org.testng.TestNG.runSuitesSequentially(TestNG.java:1256)
at org.testng.TestNG.runSuitesLocally(TestNG.java:1176)
at org.testng.TestNG.runSuites(TestNG.java:1099)
at org.testng.TestNG.run(TestNG.java:1067)
at org.apache.maven.surefire.testng.TestNGExecutor.run(TestNGExecutor.java:135)
at org.apache.maven.surefire.testng.TestNGDirectoryTestSuite.executeMulti(TestNGDirectoryTestSuite.java:193)
at org.apache.maven.surefire.testng.TestNGDirectoryTestSuite.execute(TestNGDirectoryTestSuite.java:94)
at org.apache.maven.surefire.testng.TestNGProvider.invoke(TestNGProvider.java:146)
at org.apache.maven.surefire.booter.ForkedBooter.invokeProviderInSameClassLoader(ForkedBooter.java:384)
at org.apache.maven.surefire.booter.ForkedBooter.runSuitesInProcess(ForkedBooter.java:345)
at org.apache.maven.surefire.booter.ForkedBooter.execute(ForkedBooter.java:126)
at org.apache.maven.surefire.booter.ForkedBooter.main(ForkedBooter.java:418)
]]>
            </full-stacktrace>
          </exception> <!-- java.lang.AssertionError -->
          <reporter-output>
          </reporter-output>
        </test-method> <!-- validateViewProductSort -->
        <test-method signature="validateViewProductSort(java.util.HashMap)[pri:0, instance:med.webtest.MedicareViewProductTest@3972a855]" started-at="2023-02-05T12:09:45 IST" name="validateViewProductSort" data-provider="viewproduct-sort" finished-at="2023-02-05T12:09:47 IST" duration-ms="2147" status="FAIL">
          <params>
            <param index="0">
              <value>
                <![CDATA[{dropdownSelectValue=5, pageNumber=2, sortOrder=asc, totalProducts=8, productBrand=Cipla, totalPages=2, productQty=50, rowNumber=3, productName=Paracetamol, productPrice=18}]]>
              </value>
            </param>
          </params>
          <exception class="java.lang.AssertionError">
            <message>
              <![CDATA[expected [true] but found [false]]]>
            </message>
            <full-stacktrace>
              <![CDATA[java.lang.AssertionError: expected [true] but found [false]
at org.testng.Assert.fail(Assert.java:110)
at org.testng.Assert.failNotEquals(Assert.java:1413)
at org.testng.Assert.assertTrue(Assert.java:56)
at org.testng.Assert.assertTrue(Assert.java:66)
at med.webpages.MedicareViewProductsPage.validateProductListResult(MedicareViewProductsPage.java:228)
at med.webpages.MedicareViewProductsPage.validateViewProductTableSort(MedicareViewProductsPage.java:146)
at med.webtest.MedicareViewProductTest.validateViewProductSort(MedicareViewProductTest.java:68)
at java.base/jdk.internal.reflect.NativeMethodAccessorImpl.invoke0(Native Method)
at java.base/jdk.internal.reflect.NativeMethodAccessorImpl.invoke(NativeMethodAccessorImpl.java:78)
at java.base/jdk.internal.reflect.DelegatingMethodAccessorImpl.invoke(DelegatingMethodAccessorImpl.java:43)
at java.base/java.lang.reflect.Method.invoke(Method.java:567)
at org.testng.internal.invokers.MethodInvocationHelper.invokeMethod(MethodInvocationHelper.java:139)
at org.testng.internal.invokers.TestInvoker.invokeMethod(TestInvoker.java:677)
at org.testng.internal.invokers.TestInvoker.invokeTestMethod(TestInvoker.java:221)
at org.testng.internal.invokers.MethodRunner.runInSequence(MethodRunner.java:50)
at org.testng.internal.invokers.TestInvoker$MethodInvocationAgent.invoke(TestInvoker.java:962)
at org.testng.internal.invokers.TestInvoker.invokeTestMethods(TestInvoker.java:194)
at org.testng.internal.invokers.TestMethodWorker.invokeTestMethods(TestMethodWorker.java:148)
at org.testng.internal.invokers.TestMethodWorker.run(TestMethodWorker.java:128)
at java.base/java.util.ArrayList.forEach(ArrayList.java:1511)
at org.testng.TestRunner.privateRun(TestRunner.java:806)
at org.testng.TestRunner.run(TestRunner.java:601)
at org.testng.SuiteRunner.runTest(SuiteRunner.java:433)
at org.testng.SuiteRunner.runSequentially(SuiteRunner.java:427)
at org.testng.SuiteRunner.privateRun(SuiteRunner.java:387)
at org.testng.SuiteRunner.run(SuiteRunner.java:330)
at org.testng.SuiteRunnerWorker.runSuite(SuiteRunnerWorker.java:52)
at org.testng.SuiteRunnerWorker.run(SuiteRunnerWorker.java:95)
at org.testng.TestNG.runSuitesSequentially(TestNG.java:1256)
at org.testng.TestNG.runSuitesLocally(TestNG.java:1176)
at org.testng.TestNG.runSuites(TestNG.java:1099)
at org.testng.TestNG.run(TestNG.java:1067)
at org.apache.maven.surefire.testng.TestNGExecutor.run(TestNGExecutor.java:135)
at org.apache.maven.surefire.testng.TestNGDirectoryTestSuite.executeMulti(TestNGDirectoryTestSuite.java:193)
at org.apache.maven.surefire.testng.TestNGDirectoryTestSuite.execute(TestNGDirectoryTestSuite.java:94)
at org.apache.maven.surefire.testng.TestNGProvider.invoke(TestNGProvider.java:146)
at org.apache.maven.surefire.booter.ForkedBooter.invokeProviderInSameClassLoader(ForkedBooter.java:384)
at org.apache.maven.surefire.booter.ForkedBooter.runSuitesInProcess(ForkedBooter.java:345)
at org.apache.maven.surefire.booter.ForkedBooter.execute(ForkedBooter.java:126)
at org.apache.maven.surefire.booter.ForkedBooter.main(ForkedBooter.java:418)
]]>
            </full-stacktrace>
          </exception> <!-- java.lang.AssertionError -->
          <reporter-output>
          </reporter-output>
        </test-method> <!-- validateViewProductSort -->
        <test-method signature="validateViewProductSort(java.util.HashMap)[pri:0, instance:med.webtest.MedicareViewProductTest@3972a855]" started-at="2023-02-05T12:09:47 IST" name="validateViewProductSort" data-provider="viewproduct-sort" finished-at="2023-02-05T12:09:50 IST" duration-ms="2324" status="FAIL">
          <params>
            <param index="0">
              <value>
                <![CDATA[{dropdownSelectValue=5, pageNumber=1, sortOrder=desc, totalProducts=8, productBrand=Cipla, totalPages=2, productQty=50, rowNumber=1, productName=Paracetamol, productPrice=18}]]>
              </value>
            </param>
          </params>
          <exception class="java.lang.AssertionError">
            <message>
              <![CDATA[expected [true] but found [false]]]>
            </message>
            <full-stacktrace>
              <![CDATA[java.lang.AssertionError: expected [true] but found [false]
at org.testng.Assert.fail(Assert.java:110)
at org.testng.Assert.failNotEquals(Assert.java:1413)
at org.testng.Assert.assertTrue(Assert.java:56)
at org.testng.Assert.assertTrue(Assert.java:66)
at med.webpages.MedicareViewProductsPage.validateProductListResult(MedicareViewProductsPage.java:228)
at med.webpages.MedicareViewProductsPage.validateViewProductTableSort(MedicareViewProductsPage.java:146)
at med.webtest.MedicareViewProductTest.validateViewProductSort(MedicareViewProductTest.java:68)
at java.base/jdk.internal.reflect.NativeMethodAccessorImpl.invoke0(Native Method)
at java.base/jdk.internal.reflect.NativeMethodAccessorImpl.invoke(NativeMethodAccessorImpl.java:78)
at java.base/jdk.internal.reflect.DelegatingMethodAccessorImpl.invoke(DelegatingMethodAccessorImpl.java:43)
at java.base/java.lang.reflect.Method.invoke(Method.java:567)
at org.testng.internal.invokers.MethodInvocationHelper.invokeMethod(MethodInvocationHelper.java:139)
at org.testng.internal.invokers.TestInvoker.invokeMethod(TestInvoker.java:677)
at org.testng.internal.invokers.TestInvoker.invokeTestMethod(TestInvoker.java:221)
at org.testng.internal.invokers.MethodRunner.runInSequence(MethodRunner.java:50)
at org.testng.internal.invokers.TestInvoker$MethodInvocationAgent.invoke(TestInvoker.java:962)
at org.testng.internal.invokers.TestInvoker.invokeTestMethods(TestInvoker.java:194)
at org.testng.internal.invokers.TestMethodWorker.invokeTestMethods(TestMethodWorker.java:148)
at org.testng.internal.invokers.TestMethodWorker.run(TestMethodWorker.java:128)
at java.base/java.util.ArrayList.forEach(ArrayList.java:1511)
at org.testng.TestRunner.privateRun(TestRunner.java:806)
at org.testng.TestRunner.run(TestRunner.java:601)
at org.testng.SuiteRunner.runTest(SuiteRunner.java:433)
at org.testng.SuiteRunner.runSequentially(SuiteRunner.java:427)
at org.testng.SuiteRunner.privateRun(SuiteRunner.java:387)
at org.testng.SuiteRunner.run(SuiteRunner.java:330)
at org.testng.SuiteRunnerWorker.runSuite(SuiteRunnerWorker.java:52)
at org.testng.SuiteRunnerWorker.run(SuiteRunnerWorker.java:95)
at org.testng.TestNG.runSuitesSequentially(TestNG.java:1256)
at org.testng.TestNG.runSuitesLocally(TestNG.java:1176)
at org.testng.TestNG.runSuites(TestNG.java:1099)
at org.testng.TestNG.run(TestNG.java:1067)
at org.apache.maven.surefire.testng.TestNGExecutor.run(TestNGExecutor.java:135)
at org.apache.maven.surefire.testng.TestNGDirectoryTestSuite.executeMulti(TestNGDirectoryTestSuite.java:193)
at org.apache.maven.surefire.testng.TestNGDirectoryTestSuite.execute(TestNGDirectoryTestSuite.java:94)
at org.apache.maven.surefire.testng.TestNGProvider.invoke(TestNGProvider.java:146)
at org.apache.maven.surefire.booter.ForkedBooter.invokeProviderInSameClassLoader(ForkedBooter.java:384)
at org.apache.maven.surefire.booter.ForkedBooter.runSuitesInProcess(ForkedBooter.java:345)
at org.apache.maven.surefire.booter.ForkedBooter.execute(ForkedBooter.java:126)
at org.apache.maven.surefire.booter.ForkedBooter.main(ForkedBooter.java:418)
]]>
            </full-stacktrace>
          </exception> <!-- java.lang.AssertionError -->
          <reporter-output>
          </reporter-output>
        </test-method> <!-- validateViewProductSort -->
        <test-method signature="validateViewProductSort(java.util.HashMap)[pri:0, instance:med.webtest.MedicareViewProductTest@3972a855]" started-at="2023-02-05T12:09:50 IST" name="validateViewProductSort" data-provider="viewproduct-sort" finished-at="2023-02-05T12:09:52 IST" duration-ms="2160" status="FAIL">
          <params>
            <param index="0">
              <value>
                <![CDATA[{dropdownSelectValue=5, pageNumber=1, sortOrder=desc, totalProducts=8, productBrand=Intas, totalPages=2, productQty=20, rowNumber=3, productName=Diclofenac, productPrice=30}]]>
              </value>
            </param>
          </params>
          <exception class="java.lang.AssertionError">
            <message>
              <![CDATA[expected [true] but found [false]]]>
            </message>
            <full-stacktrace>
              <![CDATA[java.lang.AssertionError: expected [true] but found [false]
at org.testng.Assert.fail(Assert.java:110)
at org.testng.Assert.failNotEquals(Assert.java:1413)
at org.testng.Assert.assertTrue(Assert.java:56)
at org.testng.Assert.assertTrue(Assert.java:66)
at med.webpages.MedicareViewProductsPage.validateProductListResult(MedicareViewProductsPage.java:228)
at med.webpages.MedicareViewProductsPage.validateViewProductTableSort(MedicareViewProductsPage.java:146)
at med.webtest.MedicareViewProductTest.validateViewProductSort(MedicareViewProductTest.java:68)
at java.base/jdk.internal.reflect.NativeMethodAccessorImpl.invoke0(Native Method)
at java.base/jdk.internal.reflect.NativeMethodAccessorImpl.invoke(NativeMethodAccessorImpl.java:78)
at java.base/jdk.internal.reflect.DelegatingMethodAccessorImpl.invoke(DelegatingMethodAccessorImpl.java:43)
at java.base/java.lang.reflect.Method.invoke(Method.java:567)
at org.testng.internal.invokers.MethodInvocationHelper.invokeMethod(MethodInvocationHelper.java:139)
at org.testng.internal.invokers.TestInvoker.invokeMethod(TestInvoker.java:677)
at org.testng.internal.invokers.TestInvoker.invokeTestMethod(TestInvoker.java:221)
at org.testng.internal.invokers.MethodRunner.runInSequence(MethodRunner.java:50)
at org.testng.internal.invokers.TestInvoker$MethodInvocationAgent.invoke(TestInvoker.java:962)
at org.testng.internal.invokers.TestInvoker.invokeTestMethods(TestInvoker.java:194)
at org.testng.internal.invokers.TestMethodWorker.invokeTestMethods(TestMethodWorker.java:148)
at org.testng.internal.invokers.TestMethodWorker.run(TestMethodWorker.java:128)
at java.base/java.util.ArrayList.forEach(ArrayList.java:1511)
at org.testng.TestRunner.privateRun(TestRunner.java:806)
at org.testng.TestRunner.run(TestRunner.java:601)
at org.testng.SuiteRunner.runTest(SuiteRunner.java:433)
at org.testng.SuiteRunner.runSequentially(SuiteRunner.java:427)
at org.testng.SuiteRunner.privateRun(SuiteRunner.java:387)
at org.testng.SuiteRunner.run(SuiteRunner.java:330)
at org.testng.SuiteRunnerWorker.runSuite(SuiteRunnerWorker.java:52)
at org.testng.SuiteRunnerWorker.run(SuiteRunnerWorker.java:95)
at org.testng.TestNG.runSuitesSequentially(TestNG.java:1256)
at org.testng.TestNG.runSuitesLocally(TestNG.java:1176)
at org.testng.TestNG.runSuites(TestNG.java:1099)
at org.testng.TestNG.run(TestNG.java:1067)
at org.apache.maven.surefire.testng.TestNGExecutor.run(TestNGExecutor.java:135)
at org.apache.maven.surefire.testng.TestNGDirectoryTestSuite.executeMulti(TestNGDirectoryTestSuite.java:193)
at org.apache.maven.surefire.testng.TestNGDirectoryTestSuite.execute(TestNGDirectoryTestSuite.java:94)
at org.apache.maven.surefire.testng.TestNGProvider.invoke(TestNGProvider.java:146)
at org.apache.maven.surefire.booter.ForkedBooter.invokeProviderInSameClassLoader(ForkedBooter.java:384)
at org.apache.maven.surefire.booter.ForkedBooter.runSuitesInProcess(ForkedBooter.java:345)
at org.apache.maven.surefire.booter.ForkedBooter.execute(ForkedBooter.java:126)
at org.apache.maven.surefire.booter.ForkedBooter.main(ForkedBooter.java:418)
]]>
            </full-stacktrace>
          </exception> <!-- java.lang.AssertionError -->
          <reporter-output>
          </reporter-output>
        </test-method> <!-- validateViewProductSort -->
        <test-method is-config="true" signature="afterMedicareHomeMethod()[pri:0, instance:med.webtest.MedicareViewProductTest@3972a855]" started-at="2023-02-05T12:09:52 IST" name="afterMedicareHomeMethod" finished-at="2023-02-05T12:09:52 IST" duration-ms="294" status="PASS">
          <reporter-output>
          </reporter-output>
        </test-method> <!-- afterMedicareHomeMethod -->
      </class> <!-- med.webtest.MedicareViewProductTest -->
      <class name="med.webtest.MedicareAccessTest">
        <test-method signature="sampleDemo()[pri:0, instance:med.webtest.MedicareAccessTest@3315d2d7]" started-at="2023-02-05T12:00:42 IST" name="sampleDemo" finished-at="2023-02-05T12:00:42 IST" duration-ms="0" status="PASS">
          <reporter-output>
          </reporter-output>
        </test-method> <!-- sampleDemo -->
      </class> <!-- med.webtest.MedicareAccessTest -->
    </test> <!-- Surefire test -->
  </suite> <!-- Surefire suite -->
</testng-results>
